#
# A fatal error has been detected by the Java Runtime Environment:
#
#  Internal Error (./src/hotspot/share/oops/methodData.cpp:1079), pid=12076, tid=12212
#  Error: ShouldNotReachHere()
#
# JRE version: OpenJDK Runtime Environment (11.0.13) (build 11.0.13+0-b1751.21-8125866)
# Java VM: OpenJDK 64-Bit Server VM (11.0.13+0-b1751.21-8125866, mixed mode, tiered, compressed oops, g1 gc, windows-amd64)
# No core dump will be written. Minidumps are not enabled by default on client versions of Windows
#
# If you would like to submit a bug report, please visit:
#   https://bugreport.java.com/bugreport/crash.jsp
#

---------------  S U M M A R Y ------------

Command Line: --add-opens=java.base/java.util=ALL-UNNAMED --add-opens=java.base/java.lang=ALL-UNNAMED --add-opens=java.base/java.lang.invoke=ALL-UNNAMED --add-opens=java.base/java.util=ALL-UNNAMED --add-opens=java.prefs/java.util.prefs=ALL-UNNAMED --add-opens=java.prefs/java.util.prefs=ALL-UNNAMED --add-opens=java.base/java.nio.charset=ALL-UNNAMED --add-opens=java.base/java.net=ALL-UNNAMED --add-opens=java.base/java.util.concurrent.atomic=ALL-UNNAMED -Xmx2048m -Dfile.encoding=UTF-8 -Duser.country=IN -Duser.language=en -Duser.variant org.gradle.launcher.daemon.bootstrap.GradleDaemon 7.4

Host: Intel(R) Core(TM) i3-2100 CPU @ 3.10GHz, 4 cores, 3G,  Windows 10 , 64 bit Build 19041 (10.0.19041.2546)
Time: Sun Mar  5 20:38:07 2023 India Standard Time elapsed time: 38.963036 seconds (0d 0h 0m 38s)

---------------  T H R E A D  ---------------

Current thread (0x0000024c6c683000):  GCTaskThread "GC Thread#3" [stack: 0x000000890a300000,0x000000890a400000] [id=12212]

Stack: [0x000000890a300000,0x000000890a400000]
[error occurred during error reporting (printing stack bounds), id 0xc0000005, EXCEPTION_ACCESS_VIOLATION (0xc0000005) at pc=0x0000024c53a5112d]

Native frames: (J=compiled Java code, j=interpreted, Vv=VM code, C=native code)
V  [jvm.dll+0x6100fa]
V  [jvm.dll+0x747090]
V  [jvm.dll+0x7486ad]
V  [jvm.dll+0x748ce5]
V  [jvm.dll+0x748c9b]
V  [jvm.dll+0x60f224]
V  [jvm.dll+0x60f9b8]
C  [ntdll.dll+0xa241f]
C  [ntdll.dll+0x514a4]
C  [ntdll.dll+0xa0f4e]
C  0x0000024c53a5112d


---------------  P R O C E S S  ---------------

Threads class SMR info:
_java_thread_list=0x0000024c6bd9e3b0, length=80, elements={
0x0000024c4e74e800, 0x0000024c6a27d000, 0x0000024c6a28c000, 0x0000024c6ac13800,
0x0000024c6ac14800, 0x0000024c6ac17000, 0x0000024c6ac1a000, 0x0000024c6ac51000,
0x0000024c4e82a000, 0x0000024c6ad4d000, 0x0000024c6bc34000, 0x0000024c6bedc800,
0x0000024c6bc77800, 0x0000024c6bb53800, 0x0000024c6e2c5800, 0x0000024c6c0ba000,
0x0000024c6af79800, 0x0000024c6bfd8000, 0x0000024c6c623000, 0x0000024c6c034000,
0x0000024c6bfc0000, 0x0000024c6bfc2800, 0x0000024c6bfc1000, 0x0000024c6bfc1800,
0x0000024c6c6eb000, 0x0000024c6c6eb800, 0x0000024c6c6ec800, 0x0000024c6c6e9000,
0x0000024c6c6e7800, 0x0000024c6c6e6800, 0x0000024c6c6ed800, 0x0000024c6c6ea000,
0x0000024c6c6e8800, 0x0000024c6c6f3000, 0x0000024c6c6f2000, 0x0000024c6c6f0800,
0x0000024c6c6f4000, 0x0000024c6c6ee000, 0x0000024c6c6f4800, 0x0000024c6c6ef000,
0x0000024c6c6f5800, 0x0000024c70570800, 0x0000024c7056c800, 0x0000024c7056f000,
0x0000024c7056d800, 0x0000024c7056b000, 0x0000024c70570000, 0x0000024c7056e800,
0x0000024c70571800, 0x0000024c7056c000, 0x0000024c70573000, 0x0000024c70578000,
0x0000024c70572800, 0x0000024c70575800, 0x0000024c70579000, 0x0000024c70574000,
0x0000024c70579800, 0x0000024c70575000, 0x0000024c70576800, 0x0000024c70577800,
0x0000024c6d13a800, 0x0000024c6d13b000, 0x0000024c6d142000, 0x0000024c6d13c000,
0x0000024c6d13e800, 0x0000024c6d13d800, 0x0000024c6d13f800, 0x0000024c6d140000,
0x0000024c6d142800, 0x0000024c6d141000, 0x0000024c6d13d000, 0x0000024c6d147800,
0x0000024c6d146000, 0x0000024c6d144000, 0x0000024c6d148800, 0x0000024c6d143800,
0x0000024c6d149000, 0x0000024c6d145000, 0x0000024c6d146800, 0x0000024c6e559800
}

Java Threads: ( => current thread )
  0x0000024c4e74e800 JavaThread "main" [_thread_blocked, id=1792, stack(0x0000008908900000,0x0000008908a00000)]
  0x0000024c6a27d000 JavaThread "Reference Handler" daemon [_thread_blocked, id=3368, stack(0x0000008909000000,0x0000008909100000)]
  0x0000024c6a28c000 JavaThread "Finalizer" daemon [_thread_blocked, id=868, stack(0x0000008909100000,0x0000008909200000)]
  0x0000024c6ac13800 JavaThread "Signal Dispatcher" daemon [_thread_blocked, id=2540, stack(0x0000008909200000,0x0000008909300000)]
  0x0000024c6ac14800 JavaThread "Attach Listener" daemon [_thread_blocked, id=7292, stack(0x0000008909300000,0x0000008909400000)]
  0x0000024c6ac17000 JavaThread "Service Thread" daemon [_thread_blocked, id=7720, stack(0x0000008909400000,0x0000008909500000)]
  0x0000024c6ac1a000 JavaThread "C2 CompilerThread0" daemon [_thread_blocked, id=2932, stack(0x0000008909500000,0x0000008909600000)]
  0x0000024c6ac51000 JavaThread "C1 CompilerThread0" daemon [_thread_blocked, id=1480, stack(0x0000008909600000,0x0000008909700000)]
  0x0000024c4e82a000 JavaThread "Sweeper thread" daemon [_thread_blocked, id=11004, stack(0x0000008909700000,0x0000008909800000)]
  0x0000024c6ad4d000 JavaThread "Common-Cleaner" daemon [_thread_blocked, id=7804, stack(0x0000008909800000,0x0000008909900000)]
  0x0000024c6bc34000 JavaThread "Daemon health stats" [_thread_blocked, id=1272, stack(0x0000008909b00000,0x0000008909c00000)]
  0x0000024c6bedc800 JavaThread "Incoming local TCP Connector on port 62194" [_thread_in_native, id=6948, stack(0x0000008909c00000,0x0000008909d00000)]
  0x0000024c6bc77800 JavaThread "Daemon periodic checks" [_thread_blocked, id=9160, stack(0x0000008909d00000,0x0000008909e00000)]
  0x0000024c6bb53800 JavaThread "Daemon" [_thread_blocked, id=9104, stack(0x0000008909e00000,0x0000008909f00000)]
  0x0000024c6e2c5800 JavaThread "Handler for socket connection from /127.0.0.1:62194 to /127.0.0.1:62195" [_thread_in_native, id=8316, stack(0x0000008909f00000,0x000000890a000000)]
  0x0000024c6c0ba000 JavaThread "Cancel handler" [_thread_blocked, id=6196, stack(0x000000890a000000,0x000000890a100000)]
  0x0000024c6af79800 JavaThread "Daemon worker" [_thread_blocked, id=10488, stack(0x000000890a100000,0x000000890a200000)]
  0x0000024c6bfd8000 JavaThread "Asynchronous log dispatcher for DefaultDaemonConnection: socket connection from /127.0.0.1:62194 to /127.0.0.1:62195" [_thread_blocked, id=11644, stack(0x000000890a400000,0x000000890a500000)]
  0x0000024c6c623000 JavaThread "Stdin handler" [_thread_blocked, id=9996, stack(0x000000890a500000,0x000000890a600000)]
  0x0000024c6c034000 JavaThread "Daemon client event forwarder" [_thread_blocked, id=5704, stack(0x000000890a600000,0x000000890a700000)]
  0x0000024c6bfc0000 JavaThread "Cache worker for journal cache (C:\Users\Patel\.gradle\caches\journal-1)" [_thread_blocked, id=9456, stack(0x000000890a700000,0x000000890a800000)]
  0x0000024c6bfc2800 JavaThread "File lock request listener" [_thread_in_native, id=7660, stack(0x000000890a800000,0x000000890a900000)]
  0x0000024c6bfc1000 JavaThread "Cache worker for file hash cache (C:\Users\Patel\.gradle\caches\7.4\fileHashes)" [_thread_blocked, id=6436, stack(0x000000890a900000,0x000000890aa00000)]
  0x0000024c6bfc1800 JavaThread "File watcher server" daemon [_thread_in_native, id=9856, stack(0x000000890ab00000,0x000000890ac00000)]
  0x0000024c6c6eb000 JavaThread "File watcher consumer" daemon [_thread_blocked, id=7780, stack(0x000000890ac00000,0x000000890ad00000)]
  0x0000024c6c6eb800 JavaThread "jar transforms" [_thread_blocked, id=11060, stack(0x000000890aa00000,0x000000890ab00000)]
  0x0000024c6c6ec800 JavaThread "jar transforms Thread 2" [_thread_blocked, id=8748, stack(0x000000890ad00000,0x000000890ae00000)]
  0x0000024c6c6e9000 JavaThread "jar transforms Thread 3" [_thread_blocked, id=1196, stack(0x000000890ae00000,0x000000890af00000)]
  0x0000024c6c6e7800 JavaThread "jar transforms Thread 4" [_thread_blocked, id=1220, stack(0x000000890af00000,0x000000890b000000)]
  0x0000024c6c6e6800 JavaThread "Cache worker for checksums cache (C:\Users\Patel\AndroidStudioProjects\DummyProject\.gradle\7.4\checksums)" [_thread_blocked, id=4740, stack(0x000000890b100000,0x000000890b200000)]
  0x0000024c6c6ed800 JavaThread "Cache worker for cache directory md-rule (C:\Users\Patel\.gradle\caches\7.4\md-rule)" [_thread_blocked, id=1780, stack(0x000000890b200000,0x000000890b300000)]
  0x0000024c6c6ea000 JavaThread "Cache worker for file hash cache (C:\Users\Patel\AndroidStudioProjects\DummyProject\.gradle\7.4\fileHashes)" [_thread_blocked, id=3204, stack(0x000000890b300000,0x000000890b400000)]
  0x0000024c6c6e8800 JavaThread "Cache worker for cache directory md-supplier (C:\Users\Patel\.gradle\caches\7.4\md-supplier)" [_thread_blocked, id=2552, stack(0x000000890b400000,0x000000890b500000)]
  0x0000024c6c6f3000 JavaThread "Cache worker for execution history cache (C:\Users\Patel\.gradle\caches\7.4\executionHistory)" [_thread_blocked, id=3104, stack(0x000000890b500000,0x000000890b600000)]
  0x0000024c6c6f2000 JavaThread "Cache worker for file content cache (C:\Users\Patel\.gradle\caches\7.4\fileContent)" [_thread_blocked, id=10504, stack(0x000000890b600000,0x000000890b700000)]
  0x0000024c6c6f0800 JavaThread "Cache worker for dependencies-accessors (C:\Users\Patel\AndroidStudioProjects\DummyProject\.gradle\7.4\dependencies-accessors)" [_thread_blocked, id=10092, stack(0x000000890b700000,0x000000890b800000)]
  0x0000024c6c6f4000 JavaThread "Cache worker for Build Output Cleanup Cache (C:\Users\Patel\AndroidStudioProjects\DummyProject\.gradle\buildOutputCleanup)" [_thread_blocked, id=9108, stack(0x000000890b800000,0x000000890b900000)]
  0x0000024c6c6ee000 JavaThread "Unconstrained build operations" [_thread_blocked, id=6884, stack(0x000000890b000000,0x000000890b100000)]
  0x0000024c6c6f4800 JavaThread "Unconstrained build operations Thread 2" [_thread_blocked, id=11760, stack(0x000000890b900000,0x000000890ba00000)]
  0x0000024c6c6ef000 JavaThread "Unconstrained build operations Thread 3" [_thread_blocked, id=5468, stack(0x000000890ba00000,0x000000890bb00000)]
  0x0000024c6c6f5800 JavaThread "Unconstrained build operations Thread 4" [_thread_blocked, id=10800, stack(0x000000890bb00000,0x000000890bc00000)]
  0x0000024c70570800 JavaThread "Unconstrained build operations Thread 5" [_thread_blocked, id=1708, stack(0x000000890bc00000,0x000000890bd00000)]
  0x0000024c7056c800 JavaThread "Unconstrained build operations Thread 6" [_thread_blocked, id=4868, stack(0x000000890bd00000,0x000000890be00000)]
  0x0000024c7056f000 JavaThread "Unconstrained build operations Thread 7" [_thread_blocked, id=7456, stack(0x000000890be00000,0x000000890bf00000)]
  0x0000024c7056d800 JavaThread "Unconstrained build operations Thread 8" [_thread_blocked, id=9684, stack(0x000000890bf00000,0x000000890c000000)]
  0x0000024c7056b000 JavaThread "Unconstrained build operations Thread 9" [_thread_blocked, id=10712, stack(0x000000890c000000,0x000000890c100000)]
  0x0000024c70570000 JavaThread "Unconstrained build operations Thread 10" [_thread_blocked, id=3584, stack(0x000000890c100000,0x000000890c200000)]
  0x0000024c7056e800 JavaThread "Unconstrained build operations Thread 11" [_thread_blocked, id=8484, stack(0x000000890c200000,0x000000890c300000)]
  0x0000024c70571800 JavaThread "Unconstrained build operations Thread 12" [_thread_blocked, id=6924, stack(0x000000890c300000,0x000000890c400000)]
  0x0000024c7056c000 JavaThread "Unconstrained build operations Thread 13" [_thread_blocked, id=9472, stack(0x000000890c400000,0x000000890c500000)]
  0x0000024c70573000 JavaThread "Unconstrained build operations Thread 14" [_thread_blocked, id=4728, stack(0x000000890c500000,0x000000890c600000)]
  0x0000024c70578000 JavaThread "Unconstrained build operations Thread 15" [_thread_blocked, id=12088, stack(0x000000890c600000,0x000000890c700000)]
  0x0000024c70572800 JavaThread "Unconstrained build operations Thread 16" [_thread_blocked, id=10660, stack(0x000000890c700000,0x000000890c800000)]
  0x0000024c70575800 JavaThread "Unconstrained build operations Thread 17" [_thread_blocked, id=7624, stack(0x000000890c800000,0x000000890c900000)]
  0x0000024c70579000 JavaThread "Unconstrained build operations Thread 18" [_thread_blocked, id=7200, stack(0x000000890c900000,0x000000890ca00000)]
  0x0000024c70574000 JavaThread "Unconstrained build operations Thread 19" [_thread_blocked, id=11576, stack(0x000000890ca00000,0x000000890cb00000)]
  0x0000024c70579800 JavaThread "Unconstrained build operations Thread 20" [_thread_blocked, id=6588, stack(0x000000890cb00000,0x000000890cc00000)]
  0x0000024c70575000 JavaThread "Unconstrained build operations Thread 21" [_thread_blocked, id=696, stack(0x000000890cc00000,0x000000890cd00000)]
  0x0000024c70576800 JavaThread "Unconstrained build operations Thread 22" [_thread_blocked, id=6864, stack(0x000000890cd00000,0x000000890ce00000)]
  0x0000024c70577800 JavaThread "Unconstrained build operations Thread 23" [_thread_blocked, id=6880, stack(0x000000890ce00000,0x000000890cf00000)]
  0x0000024c6d13a800 JavaThread "Unconstrained build operations Thread 24" [_thread_blocked, id=5728, stack(0x000000890cf00000,0x000000890d000000)]
  0x0000024c6d13b000 JavaThread "Unconstrained build operations Thread 25" [_thread_blocked, id=8272, stack(0x000000890d000000,0x000000890d100000)]
  0x0000024c6d142000 JavaThread "Unconstrained build operations Thread 26" [_thread_blocked, id=2884, stack(0x000000890d100000,0x000000890d200000)]
  0x0000024c6d13c000 JavaThread "Unconstrained build operations Thread 27" [_thread_blocked, id=2620, stack(0x000000890d200000,0x000000890d300000)]
  0x0000024c6d13e800 JavaThread "Unconstrained build operations Thread 28" [_thread_blocked, id=4420, stack(0x000000890d300000,0x000000890d400000)]
  0x0000024c6d13d800 JavaThread "Unconstrained build operations Thread 29" [_thread_blocked, id=10372, stack(0x000000890d400000,0x000000890d500000)]
  0x0000024c6d13f800 JavaThread "Unconstrained build operations Thread 30" [_thread_blocked, id=6576, stack(0x000000890d500000,0x000000890d600000)]
  0x0000024c6d140000 JavaThread "Unconstrained build operations Thread 31" [_thread_blocked, id=7192, stack(0x000000890d600000,0x000000890d700000)]
  0x0000024c6d142800 JavaThread "Unconstrained build operations Thread 32" [_thread_blocked, id=5760, stack(0x000000890d700000,0x000000890d800000)]
  0x0000024c6d141000 JavaThread "Unconstrained build operations Thread 33" [_thread_blocked, id=11904, stack(0x000000890d800000,0x000000890d900000)]
  0x0000024c6d13d000 JavaThread "Unconstrained build operations Thread 34" [_thread_blocked, id=9060, stack(0x000000890d900000,0x000000890da00000)]
  0x0000024c6d147800 JavaThread "Unconstrained build operations Thread 35" [_thread_blocked, id=5104, stack(0x000000890da00000,0x000000890db00000)]
  0x0000024c6d146000 JavaThread "Unconstrained build operations Thread 36" [_thread_blocked, id=3028, stack(0x000000890db00000,0x000000890dc00000)]
  0x0000024c6d144000 JavaThread "Unconstrained build operations Thread 37" [_thread_blocked, id=11476, stack(0x000000890dc00000,0x000000890dd00000)]
  0x0000024c6d148800 JavaThread "Unconstrained build operations Thread 38" [_thread_blocked, id=11784, stack(0x000000890dd00000,0x000000890de00000)]
  0x0000024c6d143800 JavaThread "Unconstrained build operations Thread 39" [_thread_blocked, id=1100, stack(0x000000890de00000,0x000000890df00000)]
  0x0000024c6d149000 JavaThread "Unconstrained build operations Thread 40" [_thread_blocked, id=2380, stack(0x000000890df00000,0x000000890e000000)]
  0x0000024c6d145000 JavaThread "Memory manager" [_thread_blocked, id=9048, stack(0x000000890e000000,0x000000890e100000)]
  0x0000024c6d146800 JavaThread "included builds" [_thread_blocked, id=2944, stack(0x000000890e100000,0x000000890e200000)]
  0x0000024c6e559800 JavaThread "Cache worker for execution history cache (C:\Users\Patel\AndroidStudioProjects\DummyProject\.gradle\7.4\executionHistory)" [_thread_blocked, id=8216, stack(0x000000890e500000,0x000000890e600000)]

Other Threads:
  0x0000024c6a277800 VMThread "VM Thread" [stack: 0x0000008908f00000,0x0000008909000000] [id=10772]
  0x0000024c6ad7c800 WatcherThread [stack: 0x0000008909900000,0x0000008909a00000] [id=4724]
  0x0000024c4e766000 GCTaskThread "GC Thread#0" [stack: 0x0000008908a00000,0x0000008908b00000] [id=8132]
  0x0000024c6b1af800 GCTaskThread "GC Thread#1" [stack: 0x0000008909a00000,0x0000008909b00000] [id=7236]
  0x0000024c6c0bb000 GCTaskThread "GC Thread#2" [stack: 0x000000890a200000,0x000000890a300000] [id=9636]
=>0x0000024c6c683000 GCTaskThread "GC Thread#3" [stack: 0x000000890a300000,0x000000890a400000] [id=12212]
  0x0000024c4e798800 ConcurrentGCThread "G1 Main Marker" [stack: 0x0000008908b00000,0x0000008908c00000] [id=10084]
  0x0000024c4e799800 ConcurrentGCThread "G1 Conc#0" [stack: 0x0000008908c00000,0x0000008908d00000] [id=5496]
  0x0000024c4e7f1000 ConcurrentGCThread "G1 Refine#0" [stack: 0x0000008908d00000,0x0000008908e00000] [id=4260]
  0x0000024c4e7f2000 ConcurrentGCThread "G1 Young RemSet Sampling" [stack: 0x0000008908e00000,0x0000008908f00000] [id=12284]

Threads with active compile tasks:
C2 CompilerThread0  39006 11858       4       java.util.TimSort::sort (229 bytes)
C1 CompilerThread0  39006 11876       3       jdk.internal.reflect.MethodAccessorGenerator::emitInvoke (986 bytes)

VM state:at safepoint (normal execution)

VM Mutex/Monitor currently owned by a thread:  ([mutex/lock_event])
[0x0000024c4e74a8c0] Threads_lock - owner thread: 0x0000024c6a277800
[0x0000024c4e749ab0] Heap_lock - owner thread: 0x0000024c4e798800

Heap address: 0x0000000080000000, size: 2048 MB, Compressed Oops mode: 32-bit
Narrow klass base: 0x0000000000000000, Narrow klass shift: 3
Compressed class space size: 1073741824 Address: 0x0000000100000000

Heap:
 garbage-first heap   total 238592K, used 163271K [0x0000000080000000, 0x0000000100000000)
  region size 1024K, 12 young (12288K), 6 survivors (6144K)
 Metaspace       used 104454K, capacity 107109K, committed 107264K, reserved 1142784K
  class space    used 13301K, capacity 14232K, committed 14336K, reserved 1048576K
Heap Regions: E=young(eden), S=young(survivor), O=old, HS=humongous(starts), HC=humongous(continues), CS=collection set, F=free, A=archive, TAMS=top-at-mark-start (previous, next)
|   0|0x0000000080000000, 0x0000000080100000, 0x0000000080100000|100%|HS|  |TAMS 0x0000000080100000, 0x0000000080100000| Complete 
|   1|0x0000000080100000, 0x0000000080200000, 0x0000000080200000|100%|HC|  |TAMS 0x0000000080200000, 0x0000000080200000| Complete 
|   2|0x0000000080200000, 0x0000000080300000, 0x0000000080300000|100%|HC|  |TAMS 0x0000000080300000, 0x0000000080300000| Complete 
|   3|0x0000000080300000, 0x0000000080400000, 0x0000000080400000|100%| O|  |TAMS 0x0000000080400000, 0x0000000080400000| Untracked 
|   4|0x0000000080400000, 0x0000000080500000, 0x0000000080500000|100%| O|  |TAMS 0x0000000080500000, 0x0000000080500000| Untracked 
|   5|0x0000000080500000, 0x0000000080600000, 0x0000000080600000|100%| O|  |TAMS 0x0000000080600000, 0x0000000080600000| Untracked 
|   6|0x0000000080600000, 0x0000000080700000, 0x0000000080700000|100%| O|  |TAMS 0x0000000080700000, 0x0000000080700000| Untracked 
|   7|0x0000000080700000, 0x0000000080800000, 0x0000000080800000|100%| O|  |TAMS 0x0000000080800000, 0x0000000080800000| Untracked 
|   8|0x0000000080800000, 0x0000000080900000, 0x0000000080900000|100%| O|  |TAMS 0x0000000080900000, 0x0000000080900000| Untracked 
|   9|0x0000000080900000, 0x0000000080a00000, 0x0000000080a00000|100%| O|  |TAMS 0x0000000080a00000, 0x0000000080a00000| Untracked 
|  10|0x0000000080a00000, 0x0000000080b00000, 0x0000000080b00000|100%| O|  |TAMS 0x0000000080b00000, 0x0000000080b00000| Untracked 
|  11|0x0000000080b00000, 0x0000000080c00000, 0x0000000080c00000|100%| O|  |TAMS 0x0000000080c00000, 0x0000000080c00000| Untracked 
|  12|0x0000000080c00000, 0x0000000080d00000, 0x0000000080d00000|100%| O|  |TAMS 0x0000000080d00000, 0x0000000080d00000| Untracked 
|  13|0x0000000080d00000, 0x0000000080e00000, 0x0000000080e00000|100%| O|  |TAMS 0x0000000080e00000, 0x0000000080e00000| Untracked 
|  14|0x0000000080e00000, 0x0000000080f00000, 0x0000000080f00000|100%| O|  |TAMS 0x0000000080f00000, 0x0000000080f00000| Untracked 
|  15|0x0000000080f00000, 0x0000000081000000, 0x0000000081000000|100%| O|  |TAMS 0x0000000081000000, 0x0000000081000000| Untracked 
|  16|0x0000000081000000, 0x0000000081100000, 0x0000000081100000|100%| O|  |TAMS 0x0000000081100000, 0x0000000081100000| Untracked 
|  17|0x0000000081100000, 0x0000000081200000, 0x0000000081200000|100%|HS|  |TAMS 0x0000000081200000, 0x0000000081200000| Complete 
|  18|0x0000000081200000, 0x0000000081300000, 0x0000000081300000|100%|HC|  |TAMS 0x0000000081300000, 0x0000000081300000| Complete 
|  19|0x0000000081300000, 0x0000000081400000, 0x0000000081400000|100%|HS|  |TAMS 0x0000000081400000, 0x0000000081400000| Complete 
|  20|0x0000000081400000, 0x0000000081500000, 0x0000000081500000|100%|HC|  |TAMS 0x0000000081500000, 0x0000000081500000| Complete 
|  21|0x0000000081500000, 0x0000000081600000, 0x0000000081600000|100%|HC|  |TAMS 0x0000000081600000, 0x0000000081600000| Complete 
|  22|0x0000000081600000, 0x0000000081700000, 0x0000000081700000|100%|HS|  |TAMS 0x0000000081700000, 0x0000000081700000| Complete 
|  23|0x0000000081700000, 0x0000000081800000, 0x0000000081800000|100%|HC|  |TAMS 0x0000000081800000, 0x0000000081800000| Complete 
|  24|0x0000000081800000, 0x0000000081900000, 0x0000000081900000|100%|HC|  |TAMS 0x0000000081900000, 0x0000000081900000| Complete 
|  25|0x0000000081900000, 0x0000000081a00000, 0x0000000081a00000|100%| O|  |TAMS 0x0000000081a00000, 0x0000000081a00000| Untracked 
|  26|0x0000000081a00000, 0x0000000081b00000, 0x0000000081b00000|100%| O|  |TAMS 0x0000000081b00000, 0x0000000081b00000| Untracked 
|  27|0x0000000081b00000, 0x0000000081c00000, 0x0000000081c00000|100%| O|  |TAMS 0x0000000081c00000, 0x0000000081c00000| Untracked 
|  28|0x0000000081c00000, 0x0000000081d00000, 0x0000000081d00000|100%|HS|  |TAMS 0x0000000081d00000, 0x0000000081d00000| Complete 
|  29|0x0000000081d00000, 0x0000000081e00000, 0x0000000081e00000|100%| O|  |TAMS 0x0000000081e00000, 0x0000000081e00000| Untracked 
|  30|0x0000000081e00000, 0x0000000081f00000, 0x0000000081f00000|100%| O|  |TAMS 0x0000000081f00000, 0x0000000081f00000| Untracked 
|  31|0x0000000081f00000, 0x0000000082000000, 0x0000000082000000|100%| O|  |TAMS 0x0000000082000000, 0x0000000082000000| Untracked 
|  32|0x0000000082000000, 0x0000000082100000, 0x0000000082100000|100%|HS|  |TAMS 0x0000000082100000, 0x0000000082100000| Complete 
|  33|0x0000000082100000, 0x0000000082200000, 0x0000000082200000|100%|HC|  |TAMS 0x0000000082200000, 0x0000000082200000| Complete 
|  34|0x0000000082200000, 0x0000000082300000, 0x0000000082300000|100%|HC|  |TAMS 0x0000000082300000, 0x0000000082300000| Complete 
|  35|0x0000000082300000, 0x0000000082400000, 0x0000000082400000|100%|HC|  |TAMS 0x0000000082400000, 0x0000000082400000| Complete 
|  36|0x0000000082400000, 0x0000000082500000, 0x0000000082500000|100%|HS|  |TAMS 0x0000000082500000, 0x0000000082500000| Complete 
|  37|0x0000000082500000, 0x0000000082600000, 0x0000000082600000|100%|HC|  |TAMS 0x0000000082600000, 0x0000000082600000| Complete 
|  38|0x0000000082600000, 0x0000000082700000, 0x0000000082700000|100%|HC|  |TAMS 0x0000000082700000, 0x0000000082700000| Complete 
|  39|0x0000000082700000, 0x0000000082800000, 0x0000000082800000|100%|HC|  |TAMS 0x0000000082800000, 0x0000000082800000| Complete 
|  40|0x0000000082800000, 0x0000000082900000, 0x0000000082900000|100%|HC|  |TAMS 0x0000000082900000, 0x0000000082900000| Complete 
|  41|0x0000000082900000, 0x0000000082a00000, 0x0000000082a00000|100%| O|  |TAMS 0x0000000082a00000, 0x0000000082a00000| Untracked 
|  42|0x0000000082a00000, 0x0000000082b00000, 0x0000000082b00000|100%| O|  |TAMS 0x0000000082b00000, 0x0000000082b00000| Untracked 
|  43|0x0000000082b00000, 0x0000000082c00000, 0x0000000082c00000|100%| O|  |TAMS 0x0000000082c00000, 0x0000000082c00000| Untracked 
|  44|0x0000000082c00000, 0x0000000082d00000, 0x0000000082d00000|100%| O|  |TAMS 0x0000000082d00000, 0x0000000082d00000| Untracked 
|  45|0x0000000082d00000, 0x0000000082e00000, 0x0000000082e00000|100%| O|  |TAMS 0x0000000082e00000, 0x0000000082e00000| Untracked 
|  46|0x0000000082e00000, 0x0000000082f00000, 0x0000000082f00000|100%| O|  |TAMS 0x0000000082f00000, 0x0000000082f00000| Untracked 
|  47|0x0000000082f00000, 0x0000000083000000, 0x0000000083000000|100%| O|  |TAMS 0x0000000083000000, 0x0000000083000000| Untracked 
|  48|0x0000000083000000, 0x0000000083100000, 0x0000000083100000|100%| O|  |TAMS 0x0000000083100000, 0x0000000083100000| Untracked 
|  49|0x0000000083100000, 0x0000000083200000, 0x0000000083200000|100%| O|  |TAMS 0x0000000083200000, 0x0000000083200000| Untracked 
|  50|0x0000000083200000, 0x0000000083300000, 0x0000000083300000|100%| O|  |TAMS 0x0000000083300000, 0x0000000083300000| Untracked 
|  51|0x0000000083300000, 0x0000000083400000, 0x0000000083400000|100%|HS|  |TAMS 0x0000000083400000, 0x0000000083400000| Complete 
|  52|0x0000000083400000, 0x0000000083500000, 0x0000000083500000|100%|HC|  |TAMS 0x0000000083500000, 0x0000000083500000| Complete 
|  53|0x0000000083500000, 0x0000000083600000, 0x0000000083600000|100%|HC|  |TAMS 0x0000000083600000, 0x0000000083600000| Complete 
|  54|0x0000000083600000, 0x0000000083700000, 0x0000000083700000|100%|HC|  |TAMS 0x0000000083700000, 0x0000000083700000| Complete 
|  55|0x0000000083700000, 0x0000000083800000, 0x0000000083800000|100%|HS|  |TAMS 0x0000000083800000, 0x0000000083800000| Complete 
|  56|0x0000000083800000, 0x0000000083900000, 0x0000000083900000|100%|HC|  |TAMS 0x0000000083900000, 0x0000000083900000| Complete 
|  57|0x0000000083900000, 0x0000000083a00000, 0x0000000083a00000|100%|HC|  |TAMS 0x0000000083a00000, 0x0000000083a00000| Complete 
|  58|0x0000000083a00000, 0x0000000083b00000, 0x0000000083b00000|100%|HS|  |TAMS 0x0000000083b00000, 0x0000000083b00000| Complete 
|  59|0x0000000083b00000, 0x0000000083c00000, 0x0000000083c00000|100%|HC|  |TAMS 0x0000000083c00000, 0x0000000083c00000| Complete 
|  60|0x0000000083c00000, 0x0000000083d00000, 0x0000000083d00000|100%|HS|  |TAMS 0x0000000083d00000, 0x0000000083d00000| Complete 
|  61|0x0000000083d00000, 0x0000000083e00000, 0x0000000083e00000|100%|HC|  |TAMS 0x0000000083e00000, 0x0000000083e00000| Complete 
|  62|0x0000000083e00000, 0x0000000083f00000, 0x0000000083f00000|100%|HC|  |TAMS 0x0000000083f00000, 0x0000000083f00000| Complete 
|  63|0x0000000083f00000, 0x0000000084000000, 0x0000000084000000|100%| O|  |TAMS 0x0000000084000000, 0x0000000084000000| Untracked 
|  64|0x0000000084000000, 0x0000000084100000, 0x0000000084100000|100%| O|  |TAMS 0x0000000084100000, 0x0000000084100000| Untracked 
|  65|0x0000000084100000, 0x0000000084200000, 0x0000000084200000|100%| O|  |TAMS 0x0000000084200000, 0x0000000084200000| Untracked 
|  66|0x0000000084200000, 0x0000000084300000, 0x0000000084300000|100%| O|  |TAMS 0x0000000084300000, 0x0000000084300000| Untracked 
|  67|0x0000000084300000, 0x0000000084400000, 0x0000000084400000|100%| O|  |TAMS 0x0000000084400000, 0x0000000084400000| Untracked 
|  68|0x0000000084400000, 0x0000000084500000, 0x0000000084500000|100%| O|  |TAMS 0x0000000084500000, 0x0000000084500000| Untracked 
|  69|0x0000000084500000, 0x0000000084600000, 0x0000000084600000|100%|HS|  |TAMS 0x0000000084600000, 0x0000000084600000| Complete 
|  70|0x0000000084600000, 0x0000000084700000, 0x0000000084700000|100%|HC|  |TAMS 0x0000000084700000, 0x0000000084700000| Complete 
|  71|0x0000000084700000, 0x0000000084800000, 0x0000000084800000|100%|HC|  |TAMS 0x0000000084800000, 0x0000000084800000| Complete 
|  72|0x0000000084800000, 0x0000000084900000, 0x0000000084900000|100%|HC|  |TAMS 0x0000000084900000, 0x0000000084900000| Complete 
|  73|0x0000000084900000, 0x0000000084a00000, 0x0000000084a00000|100%|HC|  |TAMS 0x0000000084a00000, 0x0000000084a00000| Complete 
|  74|0x0000000084a00000, 0x0000000084b00000, 0x0000000084b00000|100%| O|  |TAMS 0x0000000084b00000, 0x0000000084b00000| Untracked 
|  75|0x0000000084b00000, 0x0000000084c00000, 0x0000000084c00000|100%| O|  |TAMS 0x0000000084c00000, 0x0000000084c00000| Untracked 
|  76|0x0000000084c00000, 0x0000000084d00000, 0x0000000084d00000|100%| O|  |TAMS 0x0000000084d00000, 0x0000000084d00000| Untracked 
|  77|0x0000000084d00000, 0x0000000084e00000, 0x0000000084e00000|100%|HS|  |TAMS 0x0000000084e00000, 0x0000000084e00000| Complete 
|  78|0x0000000084e00000, 0x0000000084f00000, 0x0000000084f00000|100%|HS|  |TAMS 0x0000000084f00000, 0x0000000084f00000| Complete 
|  79|0x0000000084f00000, 0x0000000085000000, 0x0000000085000000|100%|HS|  |TAMS 0x0000000085000000, 0x0000000085000000| Complete 
|  80|0x0000000085000000, 0x0000000085100000, 0x0000000085100000|100%|HS|  |TAMS 0x0000000085100000, 0x0000000085100000| Complete 
|  81|0x0000000085100000, 0x0000000085200000, 0x0000000085200000|100%|HC|  |TAMS 0x0000000085200000, 0x0000000085200000| Complete 
|  82|0x0000000085200000, 0x0000000085300000, 0x0000000085300000|100%|HC|  |TAMS 0x0000000085300000, 0x0000000085300000| Complete 
|  83|0x0000000085300000, 0x0000000085400000, 0x0000000085400000|100%| O|  |TAMS 0x0000000085400000, 0x0000000085400000| Untracked 
|  84|0x0000000085400000, 0x0000000085500000, 0x0000000085500000|100%| O|  |TAMS 0x0000000085500000, 0x0000000085500000| Untracked 
|  85|0x0000000085500000, 0x0000000085600000, 0x0000000085600000|100%| O|  |TAMS 0x0000000085600000, 0x0000000085600000| Untracked 
|  86|0x0000000085600000, 0x0000000085700000, 0x0000000085700000|100%| O|  |TAMS 0x0000000085700000, 0x0000000085700000| Untracked 
|  87|0x0000000085700000, 0x0000000085800000, 0x0000000085800000|100%| O|  |TAMS 0x0000000085800000, 0x0000000085800000| Untracked 
|  88|0x0000000085800000, 0x0000000085900000, 0x0000000085900000|100%| O|  |TAMS 0x0000000085900000, 0x0000000085900000| Untracked 
|  89|0x0000000085900000, 0x0000000085a00000, 0x0000000085a00000|100%| O|  |TAMS 0x0000000085a00000, 0x0000000085a00000| Untracked 
|  90|0x0000000085a00000, 0x0000000085b00000, 0x0000000085b00000|100%|HS|  |TAMS 0x0000000085b00000, 0x0000000085b00000| Complete 
|  91|0x0000000085b00000, 0x0000000085c00000, 0x0000000085c00000|100%|HC|  |TAMS 0x0000000085c00000, 0x0000000085c00000| Complete 
|  92|0x0000000085c00000, 0x0000000085d00000, 0x0000000085d00000|100%| O|  |TAMS 0x0000000085d00000, 0x0000000085d00000| Untracked 
|  93|0x0000000085d00000, 0x0000000085e00000, 0x0000000085e00000|100%| O|  |TAMS 0x0000000085e00000, 0x0000000085e00000| Untracked 
|  94|0x0000000085e00000, 0x0000000085f00000, 0x0000000085f00000|100%| O|  |TAMS 0x0000000085f00000, 0x0000000085f00000| Untracked 
|  95|0x0000000085f00000, 0x0000000086000000, 0x0000000086000000|100%| O|  |TAMS 0x0000000086000000, 0x0000000086000000| Untracked 
|  96|0x0000000086000000, 0x0000000086100000, 0x0000000086100000|100%| O|  |TAMS 0x0000000086100000, 0x0000000086100000| Untracked 
|  97|0x0000000086100000, 0x0000000086200000, 0x0000000086200000|100%| O|  |TAMS 0x0000000086200000, 0x0000000086200000| Untracked 
|  98|0x0000000086200000, 0x0000000086300000, 0x0000000086300000|100%| O|  |TAMS 0x0000000086300000, 0x0000000086300000| Untracked 
|  99|0x0000000086300000, 0x0000000086400000, 0x0000000086400000|100%| O|  |TAMS 0x0000000086400000, 0x0000000086400000| Untracked 
| 100|0x0000000086400000, 0x0000000086500000, 0x0000000086500000|100%| O|  |TAMS 0x0000000086500000, 0x0000000086500000| Untracked 
| 101|0x0000000086500000, 0x0000000086600000, 0x0000000086600000|100%| O|  |TAMS 0x0000000086600000, 0x0000000086600000| Untracked 
| 102|0x0000000086600000, 0x0000000086700000, 0x0000000086700000|100%| O|  |TAMS 0x0000000086700000, 0x0000000086700000| Untracked 
| 103|0x0000000086700000, 0x0000000086800000, 0x0000000086800000|100%| O|  |TAMS 0x0000000086800000, 0x0000000086800000| Untracked 
| 104|0x0000000086800000, 0x0000000086900000, 0x0000000086900000|100%| O|  |TAMS 0x0000000086900000, 0x0000000086900000| Untracked 
| 105|0x0000000086900000, 0x0000000086a00000, 0x0000000086a00000|100%| O|  |TAMS 0x0000000086a00000, 0x0000000086a00000| Untracked 
| 106|0x0000000086a00000, 0x0000000086b00000, 0x0000000086b00000|100%| O|  |TAMS 0x0000000086b00000, 0x0000000086b00000| Untracked 
| 107|0x0000000086b00000, 0x0000000086c00000, 0x0000000086c00000|100%| O|  |TAMS 0x0000000086c00000, 0x0000000086c00000| Untracked 
| 108|0x0000000086c00000, 0x0000000086d00000, 0x0000000086d00000|100%|HS|  |TAMS 0x0000000086d00000, 0x0000000086d00000| Complete 
| 109|0x0000000086d00000, 0x0000000086e00000, 0x0000000086e00000|100%|HC|  |TAMS 0x0000000086e00000, 0x0000000086e00000| Complete 
| 110|0x0000000086e00000, 0x0000000086f00000, 0x0000000086f00000|100%|HS|  |TAMS 0x0000000086f00000, 0x0000000086f00000| Complete 
| 111|0x0000000086f00000, 0x0000000087000000, 0x0000000087000000|100%|HC|  |TAMS 0x0000000087000000, 0x0000000087000000| Complete 
| 112|0x0000000087000000, 0x0000000087100000, 0x0000000087100000|100%|HC|  |TAMS 0x0000000087100000, 0x0000000087100000| Complete 
| 113|0x0000000087100000, 0x0000000087200000, 0x0000000087200000|100%|HS|  |TAMS 0x0000000087200000, 0x0000000087200000| Complete 
| 114|0x0000000087200000, 0x0000000087300000, 0x0000000087300000|100%|HC|  |TAMS 0x0000000087300000, 0x0000000087300000| Complete 
| 115|0x0000000087300000, 0x0000000087400000, 0x0000000087400000|100%|HC|  |TAMS 0x0000000087400000, 0x0000000087400000| Complete 
| 116|0x0000000087400000, 0x0000000087500000, 0x0000000087500000|100%|HS|  |TAMS 0x0000000087500000, 0x0000000087500000| Complete 
| 117|0x0000000087500000, 0x0000000087600000, 0x0000000087600000|100%|HC|  |TAMS 0x0000000087600000, 0x0000000087600000| Complete 
| 118|0x0000000087600000, 0x0000000087700000, 0x0000000087700000|100%|HC|  |TAMS 0x0000000087700000, 0x0000000087700000| Complete 
| 119|0x0000000087700000, 0x0000000087800000, 0x0000000087800000|100%|HC|  |TAMS 0x0000000087800000, 0x0000000087800000| Complete 
| 120|0x0000000087800000, 0x0000000087900000, 0x0000000087900000|100%|HS|  |TAMS 0x0000000087900000, 0x0000000087900000| Complete 
| 121|0x0000000087900000, 0x0000000087a00000, 0x0000000087a00000|100%|HC|  |TAMS 0x0000000087a00000, 0x0000000087a00000| Complete 
| 122|0x0000000087a00000, 0x0000000087b00000, 0x0000000087b00000|100%|HC|  |TAMS 0x0000000087b00000, 0x0000000087b00000| Complete 
| 123|0x0000000087b00000, 0x0000000087c00000, 0x0000000087c00000|100%|HC|  |TAMS 0x0000000087c00000, 0x0000000087c00000| Complete 
| 124|0x0000000087c00000, 0x0000000087d00000, 0x0000000087d00000|100%|HC|  |TAMS 0x0000000087d00000, 0x0000000087d00000| Complete 
| 125|0x0000000087d00000, 0x0000000087e00000, 0x0000000087e00000|100%|HS|  |TAMS 0x0000000087e00000, 0x0000000087e00000| Complete 
| 126|0x0000000087e00000, 0x0000000087f00000, 0x0000000087f00000|100%| O|  |TAMS 0x0000000087f00000, 0x0000000087f00000| Untracked 
| 127|0x0000000087f00000, 0x0000000088000000, 0x0000000088000000|100%| O|  |TAMS 0x0000000088000000, 0x0000000088000000| Untracked 
| 128|0x0000000088000000, 0x0000000088100000, 0x0000000088100000|100%| O|  |TAMS 0x0000000088100000, 0x0000000088100000| Untracked 
| 129|0x0000000088100000, 0x0000000088200000, 0x0000000088200000|100%| O|  |TAMS 0x0000000088200000, 0x0000000088200000| Untracked 
| 130|0x0000000088200000, 0x0000000088300000, 0x0000000088300000|100%| O|  |TAMS 0x0000000088300000, 0x0000000088300000| Untracked 
| 131|0x0000000088300000, 0x0000000088400000, 0x0000000088400000|100%| O|  |TAMS 0x0000000088400000, 0x0000000088400000| Untracked 
| 132|0x0000000088400000, 0x0000000088500000, 0x0000000088500000|100%| O|  |TAMS 0x0000000088500000, 0x0000000088500000| Untracked 
| 133|0x0000000088500000, 0x0000000088600000, 0x0000000088600000|100%| O|  |TAMS 0x0000000088600000, 0x0000000088600000| Untracked 
| 134|0x0000000088600000, 0x0000000088700000, 0x0000000088700000|100%| O|  |TAMS 0x0000000088700000, 0x0000000088700000| Untracked 
| 135|0x0000000088700000, 0x0000000088800000, 0x0000000088800000|100%| O|  |TAMS 0x0000000088800000, 0x0000000088800000| Untracked 
| 136|0x0000000088800000, 0x0000000088900000, 0x0000000088900000|100%| O|  |TAMS 0x0000000088900000, 0x0000000088900000| Untracked 
| 137|0x0000000088900000, 0x0000000088a00000, 0x0000000088a00000|100%| O|  |TAMS 0x0000000088a00000, 0x0000000088a00000| Untracked 
| 138|0x0000000088a00000, 0x0000000088b00000, 0x0000000088b00000|100%| O|  |TAMS 0x0000000088b00000, 0x0000000088b00000| Untracked 
| 139|0x0000000088b00000, 0x0000000088c00000, 0x0000000088c00000|100%| O|  |TAMS 0x0000000088c00000, 0x0000000088c00000| Untracked 
| 140|0x0000000088c00000, 0x0000000088d00000, 0x0000000088d00000|100%| O|  |TAMS 0x0000000088d00000, 0x0000000088d00000| Untracked 
| 141|0x0000000088d00000, 0x0000000088e00000, 0x0000000088e00000|100%| O|  |TAMS 0x0000000088e00000, 0x0000000088e00000| Untracked 
| 142|0x0000000088e00000, 0x0000000088f00000, 0x0000000088f00000|100%| O|  |TAMS 0x0000000088f00000, 0x0000000088f00000| Untracked 
| 143|0x0000000088f00000, 0x0000000089000000, 0x0000000089000000|100%| O|  |TAMS 0x0000000089000000, 0x0000000089000000| Untracked 
| 144|0x0000000089000000, 0x0000000089100000, 0x0000000089100000|100%| O|  |TAMS 0x0000000089100000, 0x0000000089100000| Untracked 
| 145|0x0000000089100000, 0x0000000089200000, 0x0000000089200000|100%| O|  |TAMS 0x0000000089200000, 0x0000000089200000| Untracked 
| 146|0x0000000089200000, 0x0000000089300000, 0x0000000089300000|100%| O|  |TAMS 0x0000000089216400, 0x0000000089300000| Untracked 
| 147|0x0000000089300000, 0x0000000089400000, 0x0000000089400000|100%| O|  |TAMS 0x0000000089300000, 0x0000000089400000| Untracked 
| 148|0x0000000089400000, 0x0000000089500000, 0x0000000089500000|100%| O|  |TAMS 0x0000000089400000, 0x0000000089500000| Untracked 
| 149|0x0000000089500000, 0x000000008953ac00, 0x0000000089600000| 22%| O|  |TAMS 0x0000000089500000, 0x000000008953ac00| Untracked 
| 150|0x0000000089600000, 0x0000000089600000, 0x0000000089700000|  0%| F|  |TAMS 0x0000000089600000, 0x0000000089600000| Untracked 
| 151|0x0000000089700000, 0x0000000089700000, 0x0000000089800000|  0%| F|  |TAMS 0x0000000089700000, 0x0000000089700000| Untracked 
| 152|0x0000000089800000, 0x0000000089800000, 0x0000000089900000|  0%| F|  |TAMS 0x0000000089800000, 0x0000000089800000| Untracked 
| 153|0x0000000089900000, 0x0000000089900000, 0x0000000089a00000|  0%| F|  |TAMS 0x0000000089900000, 0x0000000089900000| Untracked 
| 154|0x0000000089a00000, 0x0000000089a00000, 0x0000000089b00000|  0%| F|  |TAMS 0x0000000089a00000, 0x0000000089a00000| Untracked 
| 155|0x0000000089b00000, 0x0000000089b00000, 0x0000000089c00000|  0%| F|  |TAMS 0x0000000089b00000, 0x0000000089b00000| Untracked 
| 156|0x0000000089c00000, 0x0000000089c00000, 0x0000000089d00000|  0%| F|  |TAMS 0x0000000089c00000, 0x0000000089c00000| Untracked 
| 157|0x0000000089d00000, 0x0000000089d00000, 0x0000000089e00000|  0%| F|  |TAMS 0x0000000089d00000, 0x0000000089d00000| Untracked 
| 158|0x0000000089e00000, 0x0000000089e00000, 0x0000000089f00000|  0%| F|  |TAMS 0x0000000089e00000, 0x0000000089e00000| Untracked 
| 159|0x0000000089f00000, 0x0000000089f00000, 0x000000008a000000|  0%| F|  |TAMS 0x0000000089f00000, 0x0000000089f00000| Untracked 
| 160|0x000000008a000000, 0x000000008a000000, 0x000000008a100000|  0%| F|  |TAMS 0x000000008a000000, 0x000000008a000000| Untracked 
| 161|0x000000008a100000, 0x000000008a100000, 0x000000008a200000|  0%| F|  |TAMS 0x000000008a100000, 0x000000008a100000| Untracked 
| 162|0x000000008a200000, 0x000000008a200000, 0x000000008a300000|  0%| F|  |TAMS 0x000000008a200000, 0x000000008a200000| Untracked 
| 163|0x000000008a300000, 0x000000008a300000, 0x000000008a400000|  0%| F|  |TAMS 0x000000008a300000, 0x000000008a300000| Untracked 
| 164|0x000000008a400000, 0x000000008a400000, 0x000000008a500000|  0%| F|  |TAMS 0x000000008a400000, 0x000000008a400000| Untracked 
| 165|0x000000008a500000, 0x000000008a500000, 0x000000008a600000|  0%| F|  |TAMS 0x000000008a500000, 0x000000008a500000| Untracked 
| 166|0x000000008a600000, 0x000000008a600000, 0x000000008a700000|  0%| F|  |TAMS 0x000000008a600000, 0x000000008a600000| Untracked 
| 167|0x000000008a700000, 0x000000008a700000, 0x000000008a800000|  0%| F|  |TAMS 0x000000008a700000, 0x000000008a700000| Untracked 
| 168|0x000000008a800000, 0x000000008a800000, 0x000000008a900000|  0%| F|  |TAMS 0x000000008a800000, 0x000000008a800000| Untracked 
| 169|0x000000008a900000, 0x000000008a900000, 0x000000008aa00000|  0%| F|  |TAMS 0x000000008a900000, 0x000000008a900000| Untracked 
| 170|0x000000008aa00000, 0x000000008aa00000, 0x000000008ab00000|  0%| F|  |TAMS 0x000000008aa00000, 0x000000008aa00000| Untracked 
| 171|0x000000008ab00000, 0x000000008ab00000, 0x000000008ac00000|  0%| F|  |TAMS 0x000000008ab00000, 0x000000008ab00000| Untracked 
| 172|0x000000008ac00000, 0x000000008ac00000, 0x000000008ad00000|  0%| F|  |TAMS 0x000000008ac00000, 0x000000008ac00000| Untracked 
| 173|0x000000008ad00000, 0x000000008ad00000, 0x000000008ae00000|  0%| F|  |TAMS 0x000000008ad00000, 0x000000008ad00000| Untracked 
| 174|0x000000008ae00000, 0x000000008ae370b0, 0x000000008af00000| 21%| S|CS|TAMS 0x000000008ae00000, 0x000000008ae00000| Complete 
| 175|0x000000008af00000, 0x000000008b000000, 0x000000008b000000|100%| S|CS|TAMS 0x000000008af00000, 0x000000008af00000| Complete 
| 176|0x000000008b000000, 0x000000008b000000, 0x000000008b100000|  0%| F|  |TAMS 0x000000008b000000, 0x000000008b000000| Untracked 
| 177|0x000000008b100000, 0x000000008b100000, 0x000000008b200000|  0%| F|  |TAMS 0x000000008b100000, 0x000000008b100000| Untracked 
| 178|0x000000008b200000, 0x000000008b300000, 0x000000008b300000|100%| S|CS|TAMS 0x000000008b200000, 0x000000008b200000| Complete 
| 179|0x000000008b300000, 0x000000008b400000, 0x000000008b400000|100%| S|CS|TAMS 0x000000008b300000, 0x000000008b300000| Complete 
| 180|0x000000008b400000, 0x000000008b500000, 0x000000008b500000|100%| S|CS|TAMS 0x000000008b400000, 0x000000008b400000| Complete 
| 181|0x000000008b500000, 0x000000008b600000, 0x000000008b600000|100%| S|CS|TAMS 0x000000008b500000, 0x000000008b500000| Complete 
| 182|0x000000008b600000, 0x000000008b600000, 0x000000008b700000|  0%| F|  |TAMS 0x000000008b600000, 0x000000008b600000| Untracked 
| 183|0x000000008b700000, 0x000000008b700000, 0x000000008b800000|  0%| F|  |TAMS 0x000000008b700000, 0x000000008b700000| Untracked 
| 184|0x000000008b800000, 0x000000008b800000, 0x000000008b900000|  0%| F|  |TAMS 0x000000008b800000, 0x000000008b800000| Untracked 
| 185|0x000000008b900000, 0x000000008b900000, 0x000000008ba00000|  0%| F|  |TAMS 0x000000008b900000, 0x000000008b900000| Untracked 
| 186|0x000000008ba00000, 0x000000008ba00000, 0x000000008bb00000|  0%| F|  |TAMS 0x000000008ba00000, 0x000000008ba00000| Untracked 
| 187|0x000000008bb00000, 0x000000008bb00000, 0x000000008bc00000|  0%| F|  |TAMS 0x000000008bb00000, 0x000000008bb00000| Untracked 
| 188|0x000000008bc00000, 0x000000008bc00000, 0x000000008bd00000|  0%| F|  |TAMS 0x000000008bc00000, 0x000000008bc00000| Untracked 
| 189|0x000000008bd00000, 0x000000008bd00000, 0x000000008be00000|  0%| F|  |TAMS 0x000000008bd00000, 0x000000008bd00000| Untracked 
| 190|0x000000008be00000, 0x000000008be00000, 0x000000008bf00000|  0%| F|  |TAMS 0x000000008be00000, 0x000000008be00000| Untracked 
| 191|0x000000008bf00000, 0x000000008bf00000, 0x000000008c000000|  0%| F|  |TAMS 0x000000008bf00000, 0x000000008bf00000| Untracked 
| 192|0x000000008c000000, 0x000000008c000000, 0x000000008c100000|  0%| F|  |TAMS 0x000000008c000000, 0x000000008c000000| Untracked 
| 193|0x000000008c100000, 0x000000008c100000, 0x000000008c200000|  0%| F|  |TAMS 0x000000008c100000, 0x000000008c100000| Untracked 
| 194|0x000000008c200000, 0x000000008c200000, 0x000000008c300000|  0%| F|  |TAMS 0x000000008c200000, 0x000000008c200000| Untracked 
| 195|0x000000008c300000, 0x000000008c300000, 0x000000008c400000|  0%| F|  |TAMS 0x000000008c300000, 0x000000008c300000| Untracked 
| 196|0x000000008c400000, 0x000000008c400000, 0x000000008c500000|  0%| F|  |TAMS 0x000000008c400000, 0x000000008c400000| Untracked 
| 197|0x000000008c500000, 0x000000008c500000, 0x000000008c600000|  0%| F|  |TAMS 0x000000008c500000, 0x000000008c500000| Untracked 
| 198|0x000000008c600000, 0x000000008c600000, 0x000000008c700000|  0%| F|  |TAMS 0x000000008c600000, 0x000000008c600000| Untracked 
| 199|0x000000008c700000, 0x000000008c700000, 0x000000008c800000|  0%| F|  |TAMS 0x000000008c700000, 0x000000008c700000| Untracked 
| 200|0x000000008c800000, 0x000000008c800000, 0x000000008c900000|  0%| F|  |TAMS 0x000000008c800000, 0x000000008c800000| Untracked 
| 201|0x000000008c900000, 0x000000008c900000, 0x000000008ca00000|  0%| F|  |TAMS 0x000000008c900000, 0x000000008c900000| Untracked 
| 202|0x000000008ca00000, 0x000000008ca00000, 0x000000008cb00000|  0%| F|  |TAMS 0x000000008ca00000, 0x000000008ca00000| Untracked 
| 203|0x000000008cb00000, 0x000000008cb00000, 0x000000008cc00000|  0%| F|  |TAMS 0x000000008cb00000, 0x000000008cb00000| Untracked 
| 204|0x000000008cc00000, 0x000000008cc00000, 0x000000008cd00000|  0%| F|  |TAMS 0x000000008cc00000, 0x000000008cc00000| Untracked 
| 205|0x000000008cd00000, 0x000000008cd00000, 0x000000008ce00000|  0%| F|  |TAMS 0x000000008cd00000, 0x000000008cd00000| Untracked 
| 206|0x000000008ce00000, 0x000000008ce00000, 0x000000008cf00000|  0%| F|  |TAMS 0x000000008ce00000, 0x000000008ce00000| Untracked 
| 207|0x000000008cf00000, 0x000000008cf00000, 0x000000008d000000|  0%| F|  |TAMS 0x000000008cf00000, 0x000000008cf00000| Untracked 
| 208|0x000000008d000000, 0x000000008d000000, 0x000000008d100000|  0%| F|  |TAMS 0x000000008d000000, 0x000000008d000000| Untracked 
| 209|0x000000008d100000, 0x000000008d100000, 0x000000008d200000|  0%| F|  |TAMS 0x000000008d100000, 0x000000008d100000| Untracked 
| 210|0x000000008d200000, 0x000000008d200000, 0x000000008d300000|  0%| F|  |TAMS 0x000000008d200000, 0x000000008d200000| Untracked 
| 211|0x000000008d300000, 0x000000008d300000, 0x000000008d400000|  0%| F|  |TAMS 0x000000008d300000, 0x000000008d300000| Untracked 
| 212|0x000000008d400000, 0x000000008d400000, 0x000000008d500000|  0%| F|  |TAMS 0x000000008d400000, 0x000000008d400000| Untracked 
| 213|0x000000008d500000, 0x000000008d500000, 0x000000008d600000|  0%| F|  |TAMS 0x000000008d500000, 0x000000008d500000| Untracked 
| 214|0x000000008d600000, 0x000000008d600000, 0x000000008d700000|  0%| F|  |TAMS 0x000000008d600000, 0x000000008d600000| Untracked 
| 215|0x000000008d700000, 0x000000008d700000, 0x000000008d800000|  0%| F|  |TAMS 0x000000008d700000, 0x000000008d700000| Untracked 
| 216|0x000000008d800000, 0x000000008d800000, 0x000000008d900000|  0%| F|  |TAMS 0x000000008d800000, 0x000000008d800000| Untracked 
| 217|0x000000008d900000, 0x000000008d900000, 0x000000008da00000|  0%| F|  |TAMS 0x000000008d900000, 0x000000008d900000| Untracked 
| 218|0x000000008da00000, 0x000000008da00000, 0x000000008db00000|  0%| F|  |TAMS 0x000000008da00000, 0x000000008da00000| Untracked 
| 219|0x000000008db00000, 0x000000008db00000, 0x000000008dc00000|  0%| F|  |TAMS 0x000000008db00000, 0x000000008db00000| Untracked 
| 220|0x000000008dc00000, 0x000000008dc00000, 0x000000008dd00000|  0%| F|  |TAMS 0x000000008dc00000, 0x000000008dc00000| Untracked 
| 221|0x000000008dd00000, 0x000000008dd00000, 0x000000008de00000|  0%| F|  |TAMS 0x000000008dd00000, 0x000000008dd00000| Untracked 
| 222|0x000000008de00000, 0x000000008de00000, 0x000000008df00000|  0%| F|  |TAMS 0x000000008de00000, 0x000000008de00000| Untracked 
| 223|0x000000008df00000, 0x000000008df00000, 0x000000008e000000|  0%| F|  |TAMS 0x000000008df00000, 0x000000008df00000| Untracked 
| 224|0x000000008e000000, 0x000000008e000000, 0x000000008e100000|  0%| F|  |TAMS 0x000000008e000000, 0x000000008e000000| Untracked 
| 225|0x000000008e100000, 0x000000008e100000, 0x000000008e200000|  0%| F|  |TAMS 0x000000008e100000, 0x000000008e100000| Untracked 
| 226|0x000000008e200000, 0x000000008e200000, 0x000000008e300000|  0%| F|  |TAMS 0x000000008e200000, 0x000000008e200000| Untracked 
| 227|0x000000008e300000, 0x000000008e400000, 0x000000008e400000|100%| E|  |TAMS 0x000000008e300000, 0x000000008e300000| Complete 
| 228|0x000000008e400000, 0x000000008e500000, 0x000000008e500000|100%| E|CS|TAMS 0x000000008e400000, 0x000000008e400000| Complete 
| 229|0x000000008e500000, 0x000000008e600000, 0x000000008e600000|100%| E|CS|TAMS 0x000000008e500000, 0x000000008e500000| Complete 
| 230|0x000000008e600000, 0x000000008e700000, 0x000000008e700000|100%| E|CS|TAMS 0x000000008e600000, 0x000000008e600000| Complete 
| 231|0x000000008e700000, 0x000000008e800000, 0x000000008e800000|100%| E|CS|TAMS 0x000000008e700000, 0x000000008e700000| Complete 
| 232|0x000000008e800000, 0x000000008e900000, 0x000000008e900000|100%| E|CS|TAMS 0x000000008e800000, 0x000000008e800000| Complete 

Card table byte_map: [0x0000024c63470000,0x0000024c63870000] _byte_map_base: 0x0000024c63070000

Marking Bits (Prev, Next): (CMBitMap*) 0x0000024c4e78f818, (CMBitMap*) 0x0000024c4e78f850
 Prev Bits: [0x0000024c63c70000, 0x0000024c65c70000)
 Next Bits: [0x0000024c65c70000, 0x0000024c67c70000)

Polling page: 0x0000024c4e830000

Metaspace:

Usage:
  Non-class:     90.70 MB capacity,    89.02 MB ( 98%) used,     1.41 MB (  2%) free+waste,   280.50 KB ( <1%) overhead. 
      Class:     13.90 MB capacity,    12.99 MB ( 93%) used,   804.96 KB (  6%) free+waste,   125.56 KB ( <1%) overhead. 
       Both:    104.60 MB capacity,   102.01 MB ( 98%) used,     2.20 MB (  2%) free+waste,   406.06 KB ( <1%) overhead. 

Virtual space:
  Non-class space:       92.00 MB reserved,      90.75 MB ( 99%) committed 
      Class space:        1.00 GB reserved,      14.00 MB (  1%) committed 
             Both:        1.09 GB reserved,     104.75 MB (  9%) committed 

Chunk freelists:
   Non-Class:  51.00 KB
       Class:  0 bytes
        Both:  51.00 KB

MaxMetaspaceSize: 17179869184.00 GB
CompressedClassSpaceSize: 1.00 GB
Initial GC threshold: 20.80 MB
Current GC threshold: 163.96 MB
CDS: off

CodeHeap 'non-profiled nmethods': size=120064Kb used=6216Kb max_used=6216Kb free=113847Kb
 bounds [0x0000024c5b510000, 0x0000024c5bb30000, 0x0000024c62a50000]
CodeHeap 'profiled nmethods': size=120000Kb used=25600Kb max_used=25600Kb free=94400Kb
 bounds [0x0000024c53fe0000, 0x0000024c558e0000, 0x0000024c5b510000]
CodeHeap 'non-nmethods': size=5696Kb used=2430Kb max_used=2454Kb free=3266Kb
 bounds [0x0000024c53a50000, 0x0000024c53cc0000, 0x0000024c53fe0000]
 total_blobs=12708 nmethods=11745 adapters=875
 compilation: enabled
              stopped_count=0, restarted_count=0
 full_count=0

Compilation events (20 events):
Event: 38.855 Thread 0x0000024c6ac51000 nmethod 11866 0x0000024c5bb21c90 code [0x0000024c5bb21e40, 0x0000024c5bb21ef8]
Event: 38.863 Thread 0x0000024c6ac51000 11867       1       org.gradle.internal.serialize.ExceptionReplacingObjectOutputStream::getObjectTransformer (5 bytes)
Event: 38.863 Thread 0x0000024c6ac51000 nmethod 11867 0x0000024c5bb21f90 code [0x0000024c5bb22140, 0x0000024c5bb221f8]
Event: 38.865 Thread 0x0000024c6ac51000 11868       3       jdk.internal.reflect.ClassFileAssembler::emitShort (38 bytes)
Event: 38.866 Thread 0x0000024c6ac51000 nmethod 11868 0x0000024c558cc690 code [0x0000024c558cc880, 0x0000024c558ccc98]
Event: 38.871 Thread 0x0000024c6ac51000 11869       3       jdk.internal.reflect.ClassFileAssembler::emitMagicAndVersion (18 bytes)
Event: 38.871 Thread 0x0000024c6ac51000 nmethod 11869 0x0000024c558ccf10 code [0x0000024c558cd140, 0x0000024c558cd6e8]
Event: 38.872 Thread 0x0000024c6ac51000 11870       3       jdk.internal.reflect.MethodAccessorGenerator::usesPrimitiveTypes (45 bytes)
Event: 38.872 Thread 0x0000024c6ac51000 nmethod 11870 0x0000024c558cd990 code [0x0000024c558cdb60, 0x0000024c558cde38]
Event: 38.872 Thread 0x0000024c6ac51000 11871       3       jdk.internal.reflect.MethodAccessorGenerator::numNonPrimitiveParameterTypes (36 bytes)
Event: 38.872 Thread 0x0000024c6ac51000 nmethod 11871 0x0000024c558cdf90 code [0x0000024c558ce140, 0x0000024c558ce378]
Event: 38.872 Thread 0x0000024c6ac51000 11872  s    3       jdk.internal.reflect.MethodAccessorGenerator::generateName (98 bytes)
Event: 38.874 Thread 0x0000024c6ac51000 nmethod 11872 0x0000024c558ce490 code [0x0000024c558ce820, 0x0000024c558cfec8]
Event: 38.874 Thread 0x0000024c6ac51000 11873       3       jdk.internal.reflect.MethodAccessorGenerator::buildInternalSignature (72 bytes)
Event: 38.876 Thread 0x0000024c6ac51000 nmethod 11873 0x0000024c558d0510 code [0x0000024c558d07c0, 0x0000024c558d11a8]
Event: 38.876 Thread 0x0000024c6ac51000 11874       3       jdk.internal.reflect.AccessorGenerator::emitCommonConstantPoolEntries (573 bytes)
Event: 38.890 Thread 0x0000024c6ac51000 nmethod 11874 0x0000024c558d1590 code [0x0000024c558d25a0, 0x0000024c558dac58]
Event: 38.890 Thread 0x0000024c6ac51000 11875       3       jdk.internal.reflect.AccessorGenerator::emitConstructor (47 bytes)
Event: 38.891 Thread 0x0000024c6ac51000 nmethod 11875 0x0000024c558de690 code [0x0000024c558de980, 0x0000024c558df9b8]
Event: 38.892 Thread 0x0000024c6ac51000 11876       3       jdk.internal.reflect.MethodAccessorGenerator::emitInvoke (986 bytes)

GC Heap History (20 events):
Event: 28.749 GC heap before
{Heap before GC invocations=65 (full 0):
 garbage-first heap   total 198656K, used 158414K [0x0000000080000000, 0x0000000100000000)
  region size 1024K, 54 young (55296K), 7 survivors (7168K)
 Metaspace       used 77896K, capacity 79757K, committed 80000K, reserved 1118208K
  class space    used 10061K, capacity 10755K, committed 10880K, reserved 1048576K
}
Event: 28.766 GC heap after
{Heap after GC invocations=66 (full 0):
 garbage-first heap   total 198656K, used 113275K [0x0000000080000000, 0x0000000100000000)
  region size 1024K, 7 young (7168K), 7 survivors (7168K)
 Metaspace       used 77896K, capacity 79757K, committed 80000K, reserved 1118208K
  class space    used 10061K, capacity 10755K, committed 10880K, reserved 1048576K
}
Event: 28.830 GC heap before
{Heap before GC invocations=66 (full 0):
 garbage-first heap   total 198656K, used 115323K [0x0000000080000000, 0x0000000100000000)
  region size 1024K, 10 young (10240K), 7 survivors (7168K)
 Metaspace       used 78309K, capacity 80173K, committed 80512K, reserved 1118208K
  class space    used 10109K, capacity 10787K, committed 10880K, reserved 1048576K
}
Event: 28.842 GC heap after
{Heap after GC invocations=67 (full 0):
 garbage-first heap   total 238592K, used 113464K [0x0000000080000000, 0x0000000100000000)
  region size 1024K, 4 young (4096K), 4 survivors (4096K)
 Metaspace       used 78309K, capacity 80173K, committed 80512K, reserved 1118208K
  class space    used 10109K, capacity 10787K, committed 10880K, reserved 1048576K
}
Event: 30.176 GC heap before
{Heap before GC invocations=68 (full 0):
 garbage-first heap   total 238592K, used 195384K [0x0000000080000000, 0x0000000100000000)
  region size 1024K, 67 young (68608K), 4 survivors (4096K)
 Metaspace       used 81007K, capacity 83137K, committed 83200K, reserved 1122304K
  class space    used 10484K, capacity 11207K, committed 11264K, reserved 1048576K
}
Event: 30.190 GC heap after
{Heap after GC invocations=69 (full 0):
 garbage-first heap   total 238592K, used 138690K [0x0000000080000000, 0x0000000100000000)
  region size 1024K, 9 young (9216K), 9 survivors (9216K)
 Metaspace       used 81007K, capacity 83137K, committed 83200K, reserved 1122304K
  class space    used 10484K, capacity 11207K, committed 11264K, reserved 1048576K
}
Event: 30.618 GC heap before
{Heap before GC invocations=69 (full 0):
 garbage-first heap   total 238592K, used 197058K [0x0000000080000000, 0x0000000100000000)
  region size 1024K, 66 young (67584K), 9 survivors (9216K)
 Metaspace       used 83003K, capacity 85105K, committed 85248K, reserved 1122304K
  class space    used 10759K, capacity 11517K, committed 11520K, reserved 1048576K
}
Event: 30.631 GC heap after
{Heap after GC invocations=70 (full 0):
 garbage-first heap   total 238592K, used 141327K [0x0000000080000000, 0x0000000100000000)
  region size 1024K, 3 young (3072K), 3 survivors (3072K)
 Metaspace       used 83003K, capacity 85105K, committed 85248K, reserved 1122304K
  class space    used 10759K, capacity 11517K, committed 11520K, reserved 1048576K
}
Event: 31.624 GC heap before
{Heap before GC invocations=71 (full 0):
 garbage-first heap   total 238592K, used 198671K [0x0000000080000000, 0x0000000100000000)
  region size 1024K, 59 young (60416K), 3 survivors (3072K)
 Metaspace       used 88022K, capacity 90211K, committed 90496K, reserved 1128448K
  class space    used 11363K, capacity 12129K, committed 12160K, reserved 1048576K
}
Event: 31.632 GC heap after
{Heap after GC invocations=72 (full 0):
 garbage-first heap   total 238592K, used 141807K [0x0000000080000000, 0x0000000100000000)
  region size 1024K, 3 young (3072K), 3 survivors (3072K)
 Metaspace       used 88022K, capacity 90211K, committed 90496K, reserved 1128448K
  class space    used 11363K, capacity 12129K, committed 12160K, reserved 1048576K
}
Event: 33.106 GC heap before
{Heap before GC invocations=72 (full 0):
 garbage-first heap   total 238592K, used 201199K [0x0000000080000000, 0x0000000100000000)
  region size 1024K, 61 young (62464K), 3 survivors (3072K)
 Metaspace       used 94187K, capacity 96503K, committed 96768K, reserved 1132544K
  class space    used 12193K, capacity 13034K, committed 13056K, reserved 1048576K
}
Event: 33.119 GC heap after
{Heap after GC invocations=73 (full 0):
 garbage-first heap   total 238592K, used 145546K [0x0000000080000000, 0x0000000100000000)
  region size 1024K, 7 young (7168K), 7 survivors (7168K)
 Metaspace       used 94187K, capacity 96503K, committed 96768K, reserved 1132544K
  class space    used 12193K, capacity 13034K, committed 13056K, reserved 1048576K
}
Event: 34.943 GC heap before
{Heap before GC invocations=74 (full 0):
 garbage-first heap   total 238592K, used 201866K [0x0000000080000000, 0x0000000100000000)
  region size 1024K, 63 young (64512K), 7 survivors (7168K)
 Metaspace       used 96647K, capacity 98983K, committed 99072K, reserved 1134592K
  class space    used 12412K, capacity 13250K, committed 13312K, reserved 1048576K
}
Event: 34.970 GC heap after
{Heap after GC invocations=75 (full 0):
 garbage-first heap   total 238592K, used 149783K [0x0000000080000000, 0x0000000100000000)
  region size 1024K, 8 young (8192K), 8 survivors (8192K)
 Metaspace       used 96647K, capacity 98983K, committed 99072K, reserved 1134592K
  class space    used 12412K, capacity 13250K, committed 13312K, reserved 1048576K
}
Event: 36.237 GC heap before
{Heap before GC invocations=75 (full 0):
 garbage-first heap   total 238592K, used 202007K [0x0000000080000000, 0x0000000100000000)
  region size 1024K, 59 young (60416K), 8 survivors (8192K)
 Metaspace       used 98199K, capacity 100577K, committed 100736K, reserved 1136640K
  class space    used 12547K, capacity 13414K, committed 13440K, reserved 1048576K
}
Event: 36.265 GC heap after
{Heap after GC invocations=76 (full 0):
 garbage-first heap   total 238592K, used 153398K [0x0000000080000000, 0x0000000100000000)
  region size 1024K, 4 young (4096K), 4 survivors (4096K)
 Metaspace       used 98199K, capacity 100577K, committed 100736K, reserved 1136640K
  class space    used 12547K, capacity 13414K, committed 13440K, reserved 1048576K
}
Event: 37.279 GC heap before
{Heap before GC invocations=77 (full 0):
 garbage-first heap   total 238592K, used 202550K [0x0000000080000000, 0x0000000100000000)
  region size 1024K, 52 young (53248K), 4 survivors (4096K)
 Metaspace       used 101302K, capacity 103696K, committed 104064K, reserved 1138688K
  class space    used 12952K, capacity 13834K, committed 13952K, reserved 1048576K
}
Event: 37.293 GC heap after
{Heap after GC invocations=78 (full 0):
 garbage-first heap   total 238592K, used 154548K [0x0000000080000000, 0x0000000100000000)
  region size 1024K, 5 young (5120K), 5 survivors (5120K)
 Metaspace       used 101302K, capacity 103696K, committed 104064K, reserved 1138688K
  class space    used 12952K, capacity 13834K, committed 13952K, reserved 1048576K
}
Event: 38.584 GC heap before
{Heap before GC invocations=78 (full 0):
 garbage-first heap   total 238592K, used 202676K [0x0000000080000000, 0x0000000100000000)
  region size 1024K, 53 young (54272K), 5 survivors (5120K)
 Metaspace       used 104186K, capacity 106707K, committed 106880K, reserved 1142784K
  class space    used 13275K, capacity 14208K, committed 14208K, reserved 1048576K
}
Event: 38.605 GC heap after
{Heap after GC invocations=79 (full 0):
 garbage-first heap   total 238592K, used 158151K [0x0000000080000000, 0x0000000100000000)
  region size 1024K, 6 young (6144K), 6 survivors (6144K)
 Metaspace       used 104186K, capacity 106707K, committed 106880K, reserved 1142784K
  class space    used 13275K, capacity 14208K, committed 14208K, reserved 1048576K
}

Deoptimization events (20 events):
Event: 38.256 Thread 0x0000024c6af79800 DEOPT PACKING pc=0x0000024c5b983588 sp=0x000000890a1fb6c0
Event: 38.256 Thread 0x0000024c6af79800 DEOPT UNPACKING pc=0x0000024c53a9a1af sp=0x000000890a1fb5d8 mode 2
Event: 38.256 Thread 0x0000024c6af79800 Uncommon trap: trap_request=0xffffffc6 fr.pc=0x0000024c5b983588 relative=0x0000000000000148
Event: 38.256 Thread 0x0000024c6af79800 Uncommon trap: reason=bimorphic_or_optimized_type_check action=maybe_recompile pc=0x0000024c5b983588 method=java.util.regex.Pattern$BmpCharPredicate.lambda$union$2(Ljava/util/regex/Pattern$CharPredicate;I)Z @ 12 c2
Event: 38.256 Thread 0x0000024c6af79800 DEOPT PACKING pc=0x0000024c5b983588 sp=0x000000890a1fb6c0
Event: 38.256 Thread 0x0000024c6af79800 DEOPT UNPACKING pc=0x0000024c53a9a1af sp=0x000000890a1fb5d8 mode 2
Event: 38.256 Thread 0x0000024c6af79800 Uncommon trap: trap_request=0xffffffc6 fr.pc=0x0000024c5b983588 relative=0x0000000000000148
Event: 38.256 Thread 0x0000024c6af79800 Uncommon trap: reason=bimorphic_or_optimized_type_check action=maybe_recompile pc=0x0000024c5b983588 method=java.util.regex.Pattern$BmpCharPredicate.lambda$union$2(Ljava/util/regex/Pattern$CharPredicate;I)Z @ 12 c2
Event: 38.256 Thread 0x0000024c6af79800 DEOPT PACKING pc=0x0000024c5b983588 sp=0x000000890a1fb540
Event: 38.256 Thread 0x0000024c6af79800 DEOPT UNPACKING pc=0x0000024c53a9a1af sp=0x000000890a1fb458 mode 2
Event: 38.256 Thread 0x0000024c6af79800 Uncommon trap: trap_request=0xffffffc6 fr.pc=0x0000024c5b983588 relative=0x0000000000000148
Event: 38.256 Thread 0x0000024c6af79800 Uncommon trap: reason=bimorphic_or_optimized_type_check action=maybe_recompile pc=0x0000024c5b983588 method=java.util.regex.Pattern$BmpCharPredicate.lambda$union$2(Ljava/util/regex/Pattern$CharPredicate;I)Z @ 12 c2
Event: 38.256 Thread 0x0000024c6af79800 DEOPT PACKING pc=0x0000024c5b983588 sp=0x000000890a1fb540
Event: 38.256 Thread 0x0000024c6af79800 DEOPT UNPACKING pc=0x0000024c53a9a1af sp=0x000000890a1fb458 mode 2
Event: 38.342 Thread 0x0000024c6af79800 DEOPT PACKING pc=0x0000024c55160144 sp=0x000000890a1f96b0
Event: 38.342 Thread 0x0000024c6af79800 DEOPT UNPACKING pc=0x0000024c53a9a95e sp=0x000000890a1f8c50 mode 0
Event: 38.462 Thread 0x0000024c6af79800 DEOPT PACKING pc=0x0000024c55160144 sp=0x000000890a1f96c0
Event: 38.462 Thread 0x0000024c6af79800 DEOPT UNPACKING pc=0x0000024c53a9a95e sp=0x000000890a1f8c60 mode 0
Event: 38.613 Thread 0x0000024c6af79800 DEOPT PACKING pc=0x0000024c55160144 sp=0x000000890a1fa020
Event: 38.613 Thread 0x0000024c6af79800 DEOPT UNPACKING pc=0x0000024c53a9a95e sp=0x000000890a1f95c0 mode 0

Classes redefined (0 events):
No events

Internal exceptions (20 events):
Event: 32.827 Thread 0x0000024c6af79800 Exception <a 'java/lang/NoSuchMethodError'{0x000000008bb99c60}: 'void java.lang.invoke.DirectMethodHandle$Holder.invokeStatic(java.lang.Object, java.lang.Object, java.lang.Object, java.lang.Object, int, java.lang.Object, java.lang.Object)'> (0x000000008bb99c60) thrown at [./src/hotspot/share/interpreter/linkResolver.cpp, line 773]
Event: 32.849 Thread 0x0000024c6af79800 Exception <a 'java/lang/IncompatibleClassChangeError'{0x000000008b962888}: Found class java.lang.Object, but interface was expected> (0x000000008b962888) thrown at [./src/hotspot/share/interpreter/linkResolver.cpp, line 839]
Event: 32.898 Thread 0x0000024c6c6ee000 Exception <a 'java/lang/IncompatibleClassChangeError'{0x000000008b796988}: Found class java.lang.Object, but interface was expected> (0x000000008b796988) thrown at [./src/hotspot/share/interpreter/linkResolver.cpp, line 839]
Event: 32.918 Thread 0x0000024c6c6ee000 Exception <a 'java/lang/NoSuchMethodError'{0x000000008b544030}: 'int java.lang.invoke.DirectMethodHandle$Holder.invokeStaticInit(java.lang.Object, java.lang.Object, java.lang.Object, java.lang.Object, java.lang.Object)'> (0x000000008b544030) thrown at [./src/hotspot/share/interpreter/linkResolver.cpp, line 773]
Event: 33.907 Thread 0x0000024c6d148800 Exception <a 'java/lang/NoSuchMethodError'{0x000000008d060880}: 'java.lang.Object java.lang.invoke.DirectMethodHandle$Holder.invokeSpecialIFC(java.lang.Object, java.lang.Object, java.lang.Object)'> (0x000000008d060880) thrown at [./src/hotspot/share/interpreter/linkResolver.cpp, line 773]
Event: 34.366 Thread 0x0000024c70574000 Exception <a 'java/lang/NoSuchMethodError'{0x000000008ce3ed98}: 'void java.lang.invoke.DirectMethodHandle$Holder.invokeVirtual(java.lang.Object, java.lang.Object)'> (0x000000008ce3ed98) thrown at [./src/hotspot/share/interpreter/linkResolver.cpp, line 773]
Event: 35.673 Thread 0x0000024c6d13c000 Implicit null exception at 0x0000024c5ba78d5b to 0x0000024c5ba78df0
Event: 35.673 Thread 0x0000024c70576800 Implicit null exception at 0x0000024c5ba78d5b to 0x0000024c5ba78df0
Event: 36.547 Thread 0x0000024c6d142000 Implicit null exception at 0x0000024c5bab77d2 to 0x0000024c5bab7e88
Event: 38.824 Thread 0x0000024c6af79800 Exception <a 'java/lang/NoSuchMethodError'{0x000000008e467408}: <clinit>> (0x000000008e467408) thrown at [./src/hotspot/share/prims/jni.cpp, line 1366]
Event: 38.827 Thread 0x0000024c6af79800 Exception <a 'java/lang/NoSuchMethodError'{0x000000008e481f38}: <clinit>> (0x000000008e481f38) thrown at [./src/hotspot/share/prims/jni.cpp, line 1366]
Event: 38.831 Thread 0x0000024c6af79800 Exception <a 'java/lang/NoSuchMethodError'{0x000000008e4b8698}: <clinit>> (0x000000008e4b8698) thrown at [./src/hotspot/share/prims/jni.cpp, line 1366]
Event: 38.832 Thread 0x0000024c6af79800 Exception <a 'java/lang/NoSuchMethodError'{0x000000008e4bc7f8}: <clinit>> (0x000000008e4bc7f8) thrown at [./src/hotspot/share/prims/jni.cpp, line 1366]
Event: 38.832 Thread 0x0000024c6af79800 Exception <a 'java/lang/NoSuchMethodError'{0x000000008e4be598}: <clinit>> (0x000000008e4be598) thrown at [./src/hotspot/share/prims/jni.cpp, line 1366]
Event: 38.836 Thread 0x0000024c6af79800 Exception <a 'java/lang/NoSuchMethodError'{0x000000008e4e0df0}: <clinit>> (0x000000008e4e0df0) thrown at [./src/hotspot/share/prims/jni.cpp, line 1366]
Event: 38.838 Thread 0x0000024c6af79800 Exception <a 'java/lang/NoSuchMethodError'{0x000000008e4f42d0}: <clinit>> (0x000000008e4f42d0) thrown at [./src/hotspot/share/prims/jni.cpp, line 1366]
Event: 38.839 Thread 0x0000024c6af79800 Exception <a 'java/lang/NoSuchMethodError'{0x000000008e303fc8}: <clinit>> (0x000000008e303fc8) thrown at [./src/hotspot/share/prims/jni.cpp, line 1366]
Event: 38.843 Thread 0x0000024c6af79800 Exception <a 'java/lang/NoSuchMethodError'{0x000000008e31af88}: <clinit>> (0x000000008e31af88) thrown at [./src/hotspot/share/prims/jni.cpp, line 1366]
Event: 38.847 Thread 0x0000024c6af79800 Exception <a 'java/lang/NoSuchMethodError'{0x000000008e32ab48}: <clinit>> (0x000000008e32ab48) thrown at [./src/hotspot/share/prims/jni.cpp, line 1366]
Event: 38.859 Thread 0x0000024c6af79800 Exception <a 'java/lang/NoSuchMethodError'{0x000000008e3594a8}: <clinit>> (0x000000008e3594a8) thrown at [./src/hotspot/share/prims/jni.cpp, line 1366]

Events (20 events):
Event: 38.792 loading class com/android/tools/idea/gradle/project/sync/AndroidModuleKt$patchForKapt$1$1 done
Event: 38.792 loading class com/android/tools/idea/gradle/project/sync/AndroidModuleKt$patchForKapt$1$2
Event: 38.792 loading class com/android/tools/idea/gradle/project/sync/AndroidModuleKt$patchForKapt$1$2 done
Event: 38.794 loading class com/android/tools/idea/gradle/project/sync/AndroidModuleKt$patchForKapt$1$3
Event: 38.794 loading class com/android/tools/idea/gradle/project/sync/AndroidModuleKt$patchForKapt$1$3 done
Event: 38.795 loading class com/android/tools/idea/gradle/project/sync/DeliverableAndroidModule
Event: 38.795 loading class com/android/tools/idea/gradle/project/sync/DeliverableAndroidModule done
Event: 38.796 loading class com/android/tools/idea/gradle/project/sync/GradleProject
Event: 38.796 loading class com/android/tools/idea/gradle/project/sync/GradleProject done
Event: 38.821 loading class com/android/tools/idea/gradle/model/impl/IdeUnresolvedLibraryTableImpl
Event: 38.821 loading class com/android/tools/idea/gradle/model/impl/IdeUnresolvedLibraryTableImpl done
Event: 38.821 loading class com/android/tools/idea/gradle/model/impl/IdeUnresolvedLibraryTable
Event: 38.821 loading class com/android/tools/idea/gradle/model/impl/IdeUnresolvedLibraryTable done
Event: 38.822 loading class com/android/tools/idea/gradle/project/sync/DeliverableGradleModule$ModelConsumer
Event: 38.822 loading class com/android/tools/idea/gradle/project/sync/DeliverableGradleModule$ModelConsumer done
Event: 38.825 loading class com/android/tools/idea/gradle/project/sync/IdeAndroidModels
Event: 38.825 loading class com/android/tools/idea/gradle/project/sync/IdeAndroidModels done
Event: 38.862 loading class com/android/tools/idea/gradle/project/sync/GradleProject$ModelConsumer
Event: 38.862 loading class com/android/tools/idea/gradle/project/sync/GradleProject$ModelConsumer done
Event: 38.901 Executing VM operation: CGC_Operation


Dynamic libraries:
0x00007ff6109f0000 - 0x00007ff6109fa000 	C:\Program Files\Android\Android Studio\jre\bin\java.exe
0x00007ffb88bf0000 - 0x00007ffb88de8000 	C:\WINDOWS\SYSTEM32\ntdll.dll
0x00007ffb88880000 - 0x00007ffb8893f000 	C:\WINDOWS\System32\KERNEL32.DLL
0x00007ffb86310000 - 0x00007ffb865e2000 	C:\WINDOWS\System32\KERNELBASE.dll
0x00007ffb86960000 - 0x00007ffb86a60000 	C:\WINDOWS\System32\ucrtbase.dll
0x00007ffb7d580000 - 0x00007ffb7d599000 	C:\Program Files\Android\Android Studio\jre\bin\jli.dll
0x00007ffb79d30000 - 0x00007ffb79d47000 	C:\Program Files\Android\Android Studio\jre\bin\VCRUNTIME140.dll
0x00007ffb88590000 - 0x00007ffb88731000 	C:\WINDOWS\System32\USER32.dll
0x00007ffb862e0000 - 0x00007ffb86302000 	C:\WINDOWS\System32\win32u.dll
0x00007ffb88420000 - 0x00007ffb8844b000 	C:\WINDOWS\System32\GDI32.dll
0x00007ffb86850000 - 0x00007ffb8695f000 	C:\WINDOWS\System32\gdi32full.dll
0x00007ffb76110000 - 0x00007ffb763aa000 	C:\WINDOWS\WinSxS\amd64_microsoft.windows.common-controls_6595b64144ccf1df_6.0.19041.1110_none_60b5254171f9507e\COMCTL32.dll
0x00007ffb86b90000 - 0x00007ffb86c2d000 	C:\WINDOWS\System32\msvcp_win.dll
0x00007ffb88960000 - 0x00007ffb889fe000 	C:\WINDOWS\System32\msvcrt.dll
0x00007ffb88740000 - 0x00007ffb88772000 	C:\WINDOWS\System32\IMM32.DLL
0x00007ffb6f460000 - 0x00007ffb6f4fd000 	C:\Program Files\Android\Android Studio\jre\bin\msvcp140.dll
0x00007ffb58200000 - 0x00007ffb58d02000 	C:\Program Files\Android\Android Studio\jre\bin\server\jvm.dll
0x00007ffb86e90000 - 0x00007ffb86f3e000 	C:\WINDOWS\System32\ADVAPI32.dll
0x00007ffb88780000 - 0x00007ffb8881c000 	C:\WINDOWS\System32\sechost.dll
0x00007ffb86c30000 - 0x00007ffb86d55000 	C:\WINDOWS\System32\RPCRT4.dll
0x00007ffb88450000 - 0x00007ffb88458000 	C:\WINDOWS\System32\PSAPI.DLL
0x00007ffb75f00000 - 0x00007ffb75f27000 	C:\WINDOWS\SYSTEM32\WINMM.dll
0x00007ffb84010000 - 0x00007ffb84019000 	C:\WINDOWS\SYSTEM32\WSOCK32.dll
0x00007ffb7e500000 - 0x00007ffb7e50a000 	C:\WINDOWS\SYSTEM32\VERSION.dll
0x00007ffb875d0000 - 0x00007ffb8763b000 	C:\WINDOWS\System32\WS2_32.dll
0x00007ffb839d0000 - 0x00007ffb839e2000 	C:\WINDOWS\SYSTEM32\kernel.appcore.dll
0x00007ffb7f3e0000 - 0x00007ffb7f3f1000 	C:\Program Files\Android\Android Studio\jre\bin\verify.dll
0x00007ffb7f010000 - 0x00007ffb7f1f4000 	C:\WINDOWS\SYSTEM32\DBGHELP.DLL
0x00007ffb7efd0000 - 0x00007ffb7f005000 	C:\WINDOWS\SYSTEM32\dbgcore.DLL
0x00007ffb86b00000 - 0x00007ffb86b82000 	C:\WINDOWS\System32\bcryptPrimitives.dll
0x00007ffb7e660000 - 0x00007ffb7e689000 	C:\Program Files\Android\Android Studio\jre\bin\java.dll
0x00007ffb83f90000 - 0x00007ffb83f9b000 	C:\Program Files\Android\Android Studio\jre\bin\jimage.dll
0x00007ffb7ee00000 - 0x00007ffb7ee18000 	C:\Program Files\Android\Android Studio\jre\bin\zip.dll
0x00007ffb87640000 - 0x00007ffb87d85000 	C:\WINDOWS\System32\SHELL32.dll
0x00007ffb843c0000 - 0x00007ffb84b52000 	C:\WINDOWS\SYSTEM32\windows.storage.dll
0x00007ffb87e60000 - 0x00007ffb881b5000 	C:\WINDOWS\System32\combase.dll
0x00007ffb85c60000 - 0x00007ffb85c90000 	C:\WINDOWS\SYSTEM32\Wldp.dll
0x00007ffb87520000 - 0x00007ffb875cd000 	C:\WINDOWS\System32\SHCORE.dll
0x00007ffb87e00000 - 0x00007ffb87e55000 	C:\WINDOWS\System32\shlwapi.dll
0x00007ffb86220000 - 0x00007ffb8623f000 	C:\WINDOWS\SYSTEM32\profapi.dll
0x00007ffb7e640000 - 0x00007ffb7e65a000 	C:\Program Files\Android\Android Studio\jre\bin\net.dll
0x00007ffb7e3a0000 - 0x00007ffb7e4ac000 	C:\WINDOWS\SYSTEM32\WINHTTP.dll
0x00007ffb859c0000 - 0x00007ffb85a2a000 	C:\WINDOWS\system32\mswsock.dll
0x00007ffb7e5c0000 - 0x00007ffb7e5d4000 	C:\Program Files\Android\Android Studio\jre\bin\nio.dll
0x00007ffb6a2c0000 - 0x00007ffb6a2e7000 	C:\Users\Patel\.gradle\native\e1d6ef7f7dcc3fd88c89a11ec53ec762bb8ba0a96d01ffa2cd45eb1d1d8dd5c5\windows-amd64\native-platform.dll
0x00007ffb67cb0000 - 0x00007ffb67df4000 	C:\Users\Patel\.gradle\native\0d407fdbe67a94daf76414ababcb853783967236a71b16ec16e742cd7a986fd3\windows-amd64\native-platform-file-events.dll
0x00007ffb83f60000 - 0x00007ffb83f6a000 	C:\Program Files\Android\Android Studio\jre\bin\management.dll
0x00007ffb7f3d0000 - 0x00007ffb7f3dd000 	C:\Program Files\Android\Android Studio\jre\bin\management_ext.dll
0x00007ffb85bb0000 - 0x00007ffb85bc8000 	C:\WINDOWS\SYSTEM32\CRYPTSP.dll
0x00007ffb852e0000 - 0x00007ffb85314000 	C:\WINDOWS\system32\rsaenh.dll
0x00007ffb86ad0000 - 0x00007ffb86af7000 	C:\WINDOWS\System32\bcrypt.dll
0x00007ffb861e0000 - 0x00007ffb8620e000 	C:\WINDOWS\SYSTEM32\USERENV.dll
0x00007ffb85bd0000 - 0x00007ffb85bdc000 	C:\WINDOWS\SYSTEM32\CRYPTBASE.dll
0x00007ffb856b0000 - 0x00007ffb856eb000 	C:\WINDOWS\SYSTEM32\IPHLPAPI.DLL
0x00007ffb87df0000 - 0x00007ffb87df8000 	C:\WINDOWS\System32\NSI.dll
0x00007ffb78da0000 - 0x00007ffb78db7000 	C:\WINDOWS\SYSTEM32\dhcpcsvc6.DLL
0x00007ffb79210000 - 0x00007ffb7922d000 	C:\WINDOWS\SYSTEM32\dhcpcsvc.DLL
0x00007ffb856f0000 - 0x00007ffb857bb000 	C:\WINDOWS\SYSTEM32\DNSAPI.dll

dbghelp: loaded successfully - version: 4.0.5 - missing functions: none
symbol engine: initialized successfully - sym options: 0x614 - pdb path: .;C:\Program Files\Android\Android Studio\jre\bin;C:\WINDOWS\SYSTEM32;C:\WINDOWS\WinSxS\amd64_microsoft.windows.common-controls_6595b64144ccf1df_6.0.19041.1110_none_60b5254171f9507e;C:\Program Files\Android\Android Studio\jre\bin\server;C:\Users\Patel\.gradle\native\e1d6ef7f7dcc3fd88c89a11ec53ec762bb8ba0a96d01ffa2cd45eb1d1d8dd5c5\windows-amd64;C:\Users\Patel\.gradle\native\0d407fdbe67a94daf76414ababcb853783967236a71b16ec16e742cd7a986fd3\windows-amd64

VM Arguments:
jvm_args: --add-opens=java.base/java.util=ALL-UNNAMED --add-opens=java.base/java.lang=ALL-UNNAMED --add-opens=java.base/java.lang.invoke=ALL-UNNAMED --add-opens=java.base/java.util=ALL-UNNAMED --add-opens=java.prefs/java.util.prefs=ALL-UNNAMED --add-opens=java.prefs/java.util.prefs=ALL-UNNAMED --add-opens=java.base/java.nio.charset=ALL-UNNAMED --add-opens=java.base/java.net=ALL-UNNAMED --add-opens=java.base/java.util.concurrent.atomic=ALL-UNNAMED -Xmx2048m -Dfile.encoding=UTF-8 -Duser.country=IN -Duser.language=en -Duser.variant 
java_command: org.gradle.launcher.daemon.bootstrap.GradleDaemon 7.4
java_class_path (initial): C:\Users\Patel\.gradle\wrapper\dists\gradle-7.4-bin\c0gwcg53nkjbqw7r0h0umtfvt\gradle-7.4\lib\gradle-launcher-7.4.jar
Launcher Type: SUN_STANDARD

[Global flags]
     intx CICompilerCount                          = 3                                         {product} {ergonomic}
     uint ConcGCThreads                            = 1                                         {product} {ergonomic}
     uint G1ConcRefinementThreads                  = 4                                         {product} {ergonomic}
   size_t G1HeapRegionSize                         = 1048576                                   {product} {ergonomic}
    uintx GCDrainStackTargetSize                   = 64                                        {product} {ergonomic}
   size_t InitialHeapSize                          = 67108864                                  {product} {ergonomic}
   size_t MarkStackSize                            = 4194304                                   {product} {ergonomic}
   size_t MaxHeapSize                              = 2147483648                                {product} {command line}
   size_t MaxNewSize                               = 1287651328                                {product} {ergonomic}
   size_t MinHeapDeltaBytes                        = 1048576                                   {product} {ergonomic}
    uintx NonNMethodCodeHeapSize                   = 5830732                                {pd product} {ergonomic}
    uintx NonProfiledCodeHeapSize                  = 122913754                              {pd product} {ergonomic}
    uintx ProfiledCodeHeapSize                     = 122913754                              {pd product} {ergonomic}
    uintx ReservedCodeCacheSize                    = 251658240                              {pd product} {ergonomic}
     bool SegmentedCodeCache                       = true                                      {product} {ergonomic}
     bool UseCompressedClassPointers               = true                                 {lp64_product} {ergonomic}
     bool UseCompressedOops                        = true                                 {lp64_product} {ergonomic}
     bool UseG1GC                                  = true                                      {product} {ergonomic}
     bool UseLargePagesIndividualAllocation        = false                                  {pd product} {ergonomic}

Logging:
Log output configuration:
 #0: stdout all=warning uptime,level,tags
 #1: stderr all=off uptime,level,tags

Environment Variables:
PATH=C:\WINDOWS\system32;C:\WINDOWS;C:\WINDOWS\System32\Wbem;C:\WINDOWS\System32\WindowsPowerShell\v1.0\;C:\Program Files (x86)\Intel\OpenCL SDK\2.0\bin\x86;C:\Program Files (x86)\Intel\OpenCL SDK\2.0\bin\x64;C:\WINDOWS\System32\OpenSSH\;C:\Users\Patel\AppData\Local\Microsoft\WindowsApps;;C:\Program Files\JetBrains\IntelliJ IDEA Community Edition 2021.2.3\bin;
USERNAME=Patel
OS=Windows_NT
PROCESSOR_IDENTIFIER=Intel64 Family 6 Model 42 Stepping 7, GenuineIntel



---------------  S Y S T E M  ---------------

OS: Windows 10 , 64 bit Build 19041 (10.0.19041.2546)
OS uptime: 1 days 18:39 hours

CPU:total 4 (initial active 4) (2 cores per cpu, 2 threads per core) family 6 model 42 stepping 7 microcode 0x2f, cmov, cx8, fxsr, mmx, sse, sse2, sse3, ssse3, sse4.1, sse4.2, popcnt, avx, clmul, ht, tsc, tscinvbit

Memory: 4k page, system-wide physical 4004M (269M free)
TotalPageFile size 8356M (AvailPageFile size 3176M)
current process WorkingSet (physical memory assigned to process): 495M, peak: 495M
current process commit charge ("private bytes"): 526M, peak: 526M

vm_info: OpenJDK 64-Bit Server VM (11.0.13+0-b1751.21-8125866) for windows-amd64 JRE (11.0.13+0-b1751.21-8125866), built on Feb  2 2022 03:00:22 by "builder" with MS VC++ 14.0 (VS2015)

END.
